
2024/06/12 (12:26:31) | ===> btop++ v.1.3.2
2024/06/12 (12:26:31) | ERROR: No UTF-8 locale detected!
Use --utf-force argument to force start if you're sure your terminal can handle it.

2024/06/12 (12:48:46) | ===> btop++ v.1.3.2
2024/06/12 (12:48:46) | ERROR: No UTF-8 locale detected!
Use --utf-force argument to force start if you're sure your terminal can handle it.

2024/06/12 (12:48:53) | ===> btop++ v.1.3.2
2024/06/12 (12:48:53) | WARNING: No UTF-8 locale detected! Forcing start with --utf-force argument.

2024/06/12 (12:49:43) | ===> btop++ v.1.3.2
2024/06/12 (12:49:43) | WARNING: No UTF-8 locale detected! Forcing start with --utf-force argument.

2024/06/12 (13:05:26) | ===> btop++ v.1.3.2
2024/06/12 (13:05:26) | ERROR: No UTF-8 locale detected!
Use --utf-force argument to force start if you're sure your terminal can handle it.

2024/06/12 (13:05:29) | ===> btop++ v.1.3.2
2024/06/12 (13:05:29) | ERROR: No UTF-8 locale detected!
Use --utf-force argument to force start if you're sure your terminal can handle it.

2024/06/12 (13:05:31) | ===> btop++ v.1.3.2
2024/06/12 (13:05:31) | ERROR: No UTF-8 locale detected!
Use --utf-force argument to force start if you're sure your terminal can handle it.

2024/06/12 (13:05:31) | ===> btop++ v.1.3.2
2024/06/12 (13:05:31) | ERROR: No UTF-8 locale detected!
Use --utf-force argument to force start if you're sure your terminal can handle it.

2024/06/12 (13:05:34) | ===> btop++ v.1.3.2
2024/06/12 (13:05:34) | WARNING: No UTF-8 locale detected! Forcing start with --utf-force argument.

2024/06/12 (13:06:17) | ===> btop++ v.1.3.2
2024/06/12 (13:06:17) | ERROR: No UTF-8 locale detected!
Use --utf-force argument to force start if you're sure your terminal can handle it.

2024/06/12 (13:06:19) | ===> btop++ v.1.3.2
2024/06/12 (13:06:19) | ERROR: No UTF-8 locale detected!
Use --utf-force argument to force start if you're sure your terminal can handle it.

2024/06/12 (13:06:19) | ===> btop++ v.1.3.2
2024/06/12 (13:06:19) | ERROR: No UTF-8 locale detected!
Use --utf-force argument to force start if you're sure your terminal can handle it.

2024/06/12 (13:06:20) | ===> btop++ v.1.3.2
2024/06/12 (13:06:20) | ERROR: No UTF-8 locale detected!
Use --utf-force argument to force start if you're sure your terminal can handle it.

2024/06/12 (13:06:20) | ===> btop++ v.1.3.2
2024/06/12 (13:06:20) | ERROR: No UTF-8 locale detected!
Use --utf-force argument to force start if you're sure your terminal can handle it.

2024/06/12 (13:06:20) | ===> btop++ v.1.3.2
2024/06/12 (13:06:20) | ERROR: No UTF-8 locale detected!
Use --utf-force argument to force start if you're sure your terminal can handle it.

2024/06/12 (13:06:20) | ===> btop++ v.1.3.2
2024/06/12 (13:06:20) | ERROR: No UTF-8 locale detected!
Use --utf-force argument to force start if you're sure your terminal can handle it.

2024/06/12 (13:06:20) | ===> btop++ v.1.3.2
2024/06/12 (13:06:20) | ERROR: No UTF-8 locale detected!
Use --utf-force argument to force start if you're sure your terminal can handle it.

2024/06/12 (13:06:21) | ===> btop++ v.1.3.2
2024/06/12 (13:06:21) | ERROR: No UTF-8 locale detected!
Use --utf-force argument to force start if you're sure your terminal can handle it.

2024/06/12 (13:06:21) | ===> btop++ v.1.3.2
2024/06/12 (13:06:21) | ERROR: No UTF-8 locale detected!
Use --utf-force argument to force start if you're sure your terminal can handle it.

2024/06/12 (13:06:21) | ===> btop++ v.1.3.2
2024/06/12 (13:06:21) | ERROR: No UTF-8 locale detected!
Use --utf-force argument to force start if you're sure your terminal can handle it.

2024/06/12 (13:06:22) | ===> btop++ v.1.3.2
2024/06/12 (13:06:22) | ERROR: No UTF-8 locale detected!
Use --utf-force argument to force start if you're sure your terminal can handle it.

2024/06/12 (13:06:22) | ===> btop++ v.1.3.2
2024/06/12 (13:06:22) | ERROR: No UTF-8 locale detected!
Use --utf-force argument to force start if you're sure your terminal can handle it.

2024/06/12 (13:06:22) | ===> btop++ v.1.3.2
2024/06/12 (13:06:22) | ERROR: No UTF-8 locale detected!
Use --utf-force argument to force start if you're sure your terminal can handle it.

2024/06/12 (13:06:22) | ===> btop++ v.1.3.2
2024/06/12 (13:06:22) | ERROR: No UTF-8 locale detected!
Use --utf-force argument to force start if you're sure your terminal can handle it.

2024/06/12 (13:06:22) | ===> btop++ v.1.3.2
2024/06/12 (13:06:22) | ERROR: No UTF-8 locale detected!
Use --utf-force argument to force start if you're sure your terminal can handle it.

2024/06/12 (13:06:22) | ===> btop++ v.1.3.2
2024/06/12 (13:06:22) | ERROR: No UTF-8 locale detected!
Use --utf-force argument to force start if you're sure your terminal can handle it.

2024/06/12 (13:06:22) | ===> btop++ v.1.3.2
2024/06/12 (13:06:22) | ERROR: No UTF-8 locale detected!
Use --utf-force argument to force start if you're sure your terminal can handle it.

2024/06/12 (13:06:23) | ===> btop++ v.1.3.2
2024/06/12 (13:06:23) | ERROR: No UTF-8 locale detected!
Use --utf-force argument to force start if you're sure your terminal can handle it.

2024/06/12 (13:06:23) | ===> btop++ v.1.3.2
2024/06/12 (13:06:23) | ERROR: No UTF-8 locale detected!
Use --utf-force argument to force start if you're sure your terminal can handle it.

2024/06/12 (13:06:23) | ===> btop++ v.1.3.2
2024/06/12 (13:06:23) | ERROR: No UTF-8 locale detected!
Use --utf-force argument to force start if you're sure your terminal can handle it.

2024/06/12 (13:06:23) | ===> btop++ v.1.3.2
2024/06/12 (13:06:23) | ERROR: No UTF-8 locale detected!
Use --utf-force argument to force start if you're sure your terminal can handle it.

2024/06/12 (13:06:23) | ===> btop++ v.1.3.2
2024/06/12 (13:06:23) | ERROR: No UTF-8 locale detected!
Use --utf-force argument to force start if you're sure your terminal can handle it.

2024/06/12 (13:06:23) | ===> btop++ v.1.3.2
2024/06/12 (13:06:23) | ERROR: No UTF-8 locale detected!
Use --utf-force argument to force start if you're sure your terminal can handle it.

2024/06/12 (13:06:23) | ===> btop++ v.1.3.2
2024/06/12 (13:06:23) | ERROR: No UTF-8 locale detected!
Use --utf-force argument to force start if you're sure your terminal can handle it.

2024/06/12 (13:06:23) | ===> btop++ v.1.3.2
2024/06/12 (13:06:23) | ERROR: No UTF-8 locale detected!
Use --utf-force argument to force start if you're sure your terminal can handle it.

2024/06/12 (13:06:23) | ===> btop++ v.1.3.2
2024/06/12 (13:06:23) | ERROR: No UTF-8 locale detected!
Use --utf-force argument to force start if you're sure your terminal can handle it.

2024/06/12 (13:06:23) | ===> btop++ v.1.3.2
2024/06/12 (13:06:23) | ERROR: No UTF-8 locale detected!
Use --utf-force argument to force start if you're sure your terminal can handle it.

2024/06/12 (13:06:23) | ===> btop++ v.1.3.2
2024/06/12 (13:06:23) | ERROR: No UTF-8 locale detected!
Use --utf-force argument to force start if you're sure your terminal can handle it.

2024/06/12 (13:06:23) | ===> btop++ v.1.3.2
2024/06/12 (13:06:23) | ERROR: No UTF-8 locale detected!
Use --utf-force argument to force start if you're sure your terminal can handle it.

2024/06/12 (13:06:24) | ===> btop++ v.1.3.2
2024/06/12 (13:06:24) | ERROR: No UTF-8 locale detected!
Use --utf-force argument to force start if you're sure your terminal can handle it.

2024/06/12 (13:06:24) | ===> btop++ v.1.3.2
2024/06/12 (13:06:24) | ERROR: No UTF-8 locale detected!
Use --utf-force argument to force start if you're sure your terminal can handle it.

2024/06/12 (13:06:24) | ===> btop++ v.1.3.2
2024/06/12 (13:06:24) | ERROR: No UTF-8 locale detected!
Use --utf-force argument to force start if you're sure your terminal can handle it.

2024/06/12 (13:06:24) | ===> btop++ v.1.3.2
2024/06/12 (13:06:24) | ERROR: No UTF-8 locale detected!
Use --utf-force argument to force start if you're sure your terminal can handle it.

2024/06/12 (13:06:24) | ===> btop++ v.1.3.2
2024/06/12 (13:06:24) | ERROR: No UTF-8 locale detected!
Use --utf-force argument to force start if you're sure your terminal can handle it.

2024/06/12 (13:06:24) | ===> btop++ v.1.3.2
2024/06/12 (13:06:24) | ERROR: No UTF-8 locale detected!
Use --utf-force argument to force start if you're sure your terminal can handle it.

2024/06/12 (13:06:24) | ===> btop++ v.1.3.2
2024/06/12 (13:06:24) | ERROR: No UTF-8 locale detected!
Use --utf-force argument to force start if you're sure your terminal can handle it.

2024/06/12 (13:06:24) | ===> btop++ v.1.3.2
2024/06/12 (13:06:24) | ERROR: No UTF-8 locale detected!
Use --utf-force argument to force start if you're sure your terminal can handle it.

2024/06/12 (13:06:24) | ===> btop++ v.1.3.2
2024/06/12 (13:06:24) | ERROR: No UTF-8 locale detected!
Use --utf-force argument to force start if you're sure your terminal can handle it.

2024/06/12 (13:06:24) | ===> btop++ v.1.3.2
2024/06/12 (13:06:24) | ERROR: No UTF-8 locale detected!
Use --utf-force argument to force start if you're sure your terminal can handle it.

2024/06/12 (13:06:24) | ===> btop++ v.1.3.2
2024/06/12 (13:06:24) | ERROR: No UTF-8 locale detected!
Use --utf-force argument to force start if you're sure your terminal can handle it.

2024/06/12 (13:06:24) | ===> btop++ v.1.3.2
2024/06/12 (13:06:24) | ERROR: No UTF-8 locale detected!
Use --utf-force argument to force start if you're sure your terminal can handle it.

2024/06/12 (13:06:24) | ===> btop++ v.1.3.2
2024/06/12 (13:06:24) | ERROR: No UTF-8 locale detected!
Use --utf-force argument to force start if you're sure your terminal can handle it.

2024/06/12 (13:06:24) | ===> btop++ v.1.3.2
2024/06/12 (13:06:24) | ERROR: No UTF-8 locale detected!
Use --utf-force argument to force start if you're sure your terminal can handle it.

2024/06/12 (13:06:24) | ===> btop++ v.1.3.2
2024/06/12 (13:06:24) | ERROR: No UTF-8 locale detected!
Use --utf-force argument to force start if you're sure your terminal can handle it.

2024/06/12 (13:06:24) | ===> btop++ v.1.3.2
2024/06/12 (13:06:24) | ERROR: No UTF-8 locale detected!
Use --utf-force argument to force start if you're sure your terminal can handle it.

2024/06/12 (13:06:24) | ===> btop++ v.1.3.2
2024/06/12 (13:06:24) | ERROR: No UTF-8 locale detected!
Use --utf-force argument to force start if you're sure your terminal can handle it.

2024/06/12 (13:06:24) | ===> btop++ v.1.3.2
2024/06/12 (13:06:24) | ERROR: No UTF-8 locale detected!
Use --utf-force argument to force start if you're sure your terminal can handle it.

2024/06/12 (13:06:24) | ===> btop++ v.1.3.2
2024/06/12 (13:06:24) | ERROR: No UTF-8 locale detected!
Use --utf-force argument to force start if you're sure your terminal can handle it.

2024/06/12 (13:06:24) | ===> btop++ v.1.3.2
2024/06/12 (13:06:24) | ERROR: No UTF-8 locale detected!
Use --utf-force argument to force start if you're sure your terminal can handle it.

2024/06/12 (13:06:24) | ===> btop++ v.1.3.2
2024/06/12 (13:06:24) | ERROR: No UTF-8 locale detected!
Use --utf-force argument to force start if you're sure your terminal can handle it.

2024/06/12 (13:06:31) | ===> btop++ v.1.3.2
2024/06/12 (13:06:31) | WARNING: No UTF-8 locale detected! Forcing start with --utf-force argument.

2024/06/12 (13:06:57) | ===> btop++ v.1.3.2
2024/06/12 (13:06:57) | WARNING: No UTF-8 locale detected! Forcing start with --utf-force argument.

2024/06/12 (13:07:02) | ===> btop++ v.1.3.2
2024/06/12 (13:07:02) | WARNING: No UTF-8 locale detected! Forcing start with --utf-force argument.

2024/06/12 (13:07:18) | ===> btop++ v.1.3.2
2024/06/12 (13:07:18) | ERROR: No UTF-8 locale detected!
Use --utf-force argument to force start if you're sure your terminal can handle it.

2024/06/12 (13:07:19) | ===> btop++ v.1.3.2
2024/06/12 (13:07:19) | ERROR: No UTF-8 locale detected!
Use --utf-force argument to force start if you're sure your terminal can handle it.

2024/06/12 (13:07:20) | ===> btop++ v.1.3.2
2024/06/12 (13:07:20) | ERROR: No UTF-8 locale detected!
Use --utf-force argument to force start if you're sure your terminal can handle it.

2024/06/12 (17:38:54) | ===> btop++ v.1.3.2
2024/06/12 (17:38:54) | WARNING: No UTF-8 locale detected! Forcing start with --utf-force argument.

2024/06/13 (03:34:34) | ===> btop++ v.1.3.2
2024/06/13 (03:34:34) | ERROR: No UTF-8 locale detected!
Use --utf-force argument to force start if you're sure your terminal can handle it.

2024/06/13 (03:34:35) | ===> btop++ v.1.3.2
2024/06/13 (03:34:35) | WARNING: No UTF-8 locale detected! Forcing start with --utf-force argument.

2024/06/13 (09:58:20) | ===> btop++ v.1.3.2
2024/06/13 (09:58:20) | WARNING: No UTF-8 locale detected! Forcing start with --utf-force argument.

2024/06/13 (09:58:23) | ===> btop++ v.1.3.2
2024/06/13 (09:58:23) | WARNING: No UTF-8 locale detected! Forcing start with --utf-force argument.

2024/06/13 (09:58:55) | ===> btop++ v.1.3.2
2024/06/13 (09:58:55) | WARNING: No UTF-8 locale detected! Forcing start with --utf-force argument.

2024/06/15 (08:30:58) | ===> btop++ v.1.3.2
2024/06/15 (08:30:58) | WARNING: No UTF-8 locale detected! Forcing start with --utf-force argument.

2024/06/15 (20:41:38) | ===> btop++ v.1.3.2
2024/06/15 (20:41:38) | WARNING: No UTF-8 locale detected! Forcing start with --utf-force argument.

2024/06/16 (10:40:26) | ===> btop++ v.1.3.2
2024/06/16 (10:40:26) | WARNING: No UTF-8 locale detected! Forcing start with --utf-force argument.

2024/06/16 (10:40:26) | ===> btop++ v.1.3.2
2024/06/16 (10:40:26) | WARNING: No UTF-8 locale detected! Forcing start with --utf-force argument.

2024/06/16 (10:40:27) | ===> btop++ v.1.3.2
2024/06/16 (10:40:27) | WARNING: No UTF-8 locale detected! Forcing start with --utf-force argument.

2024/06/17 (07:31:16) | ===> btop++ v.1.3.2
2024/06/17 (07:31:16) | WARNING: No UTF-8 locale detected! Forcing start with --utf-force argument.

2024/06/17 (11:34:18) | ===> btop++ v.1.3.2
2024/06/17 (11:34:18) | WARNING: No UTF-8 locale detected! Forcing start with --utf-force argument.

2024/06/17 (12:28:16) | ===> btop++ v.1.3.2
2024/06/17 (12:28:16) | WARNING: No UTF-8 locale detected! Forcing start with --utf-force argument.

2024/06/17 (16:53:12) | ===> btop++ v.1.3.2
2024/06/17 (16:53:12) | WARNING: No UTF-8 locale detected! Forcing start with --utf-force argument.

2024/06/17 (17:08:07) | ===> btop++ v.1.3.2
2024/06/17 (17:08:07) | WARNING: No UTF-8 locale detected! Forcing start with --utf-force argument.

2024/06/17 (17:15:45) | ===> btop++ v.1.3.2
2024/06/17 (17:15:45) | WARNING: No UTF-8 locale detected! Forcing start with --utf-force argument.

2024/06/17 (17:15:54) | ===> btop++ v.1.3.2
2024/06/17 (17:15:54) | WARNING: No UTF-8 locale detected! Forcing start with --utf-force argument.

2024/06/18 (08:06:28) | ===> btop++ v.1.3.2
2024/06/18 (08:06:28) | WARNING: No UTF-8 locale detected! Forcing start with --utf-force argument.

2024/06/18 (15:58:45) | ===> btop++ v.1.3.2
2024/06/18 (15:58:45) | WARNING: No UTF-8 locale detected! Forcing start with --utf-force argument.

2024/06/18 (16:01:45) | ===> btop++ v.1.3.2
2024/06/18 (16:01:45) | WARNING: No UTF-8 locale detected! Forcing start with --utf-force argument.

2024/06/18 (16:20:15) | ===> btop++ v.1.3.2
2024/06/18 (16:20:15) | WARNING: No UTF-8 locale detected! Forcing start with --utf-force argument.

2024/06/18 (16:20:19) | ===> btop++ v.1.3.2
2024/06/18 (16:20:19) | WARNING: No UTF-8 locale detected! Forcing start with --utf-force argument.

2024/06/18 (16:20:21) | ===> btop++ v.1.3.2
2024/06/18 (16:20:21) | WARNING: No UTF-8 locale detected! Forcing start with --utf-force argument.

2024/06/18 (16:32:37) | ===> btop++ v.1.3.2
2024/06/18 (16:32:37) | WARNING: No UTF-8 locale detected! Forcing start with --utf-force argument.

2024/06/18 (16:32:43) | ===> btop++ v.1.3.2
2024/06/18 (16:32:43) | WARNING: No UTF-8 locale detected! Forcing start with --utf-force argument.

2024/06/18 (16:32:56) | ===> btop++ v.1.3.2
2024/06/18 (16:32:56) | WARNING: No UTF-8 locale detected! Forcing start with --utf-force argument.

2024/06/19 (13:14:17) | ===> btop++ v.1.3.2
2024/06/19 (13:14:17) | WARNING: No UTF-8 locale detected! Forcing start with --utf-force argument.

2024/06/19 (13:14:53) | ===> btop++ v.1.3.2
2024/06/19 (13:14:53) | WARNING: No UTF-8 locale detected! Forcing start with --utf-force argument.

2024/06/19 (21:13:29) | ===> btop++ v.1.3.2
2024/06/19 (21:13:29) | WARNING: No UTF-8 locale detected! Forcing start with --utf-force argument.

2024/06/19 (21:14:13) | ===> btop++ v.1.3.2
2024/06/19 (21:14:13) | WARNING: No UTF-8 locale detected! Forcing start with --utf-force argument.

2024/06/19 (21:14:19) | ===> btop++ v.1.3.2
2024/06/19 (21:14:19) | WARNING: No UTF-8 locale detected! Forcing start with --utf-force argument.

2024/06/21 (09:57:10) | ===> btop++ v.1.3.2
2024/06/21 (09:57:10) | WARNING: No UTF-8 locale detected! Forcing start with --utf-force argument.

2024/06/21 (15:17:32) | ===> btop++ v.1.3.2
2024/06/21 (15:17:32) | WARNING: No UTF-8 locale detected! Forcing start with --utf-force argument.

2024/06/21 (15:35:20) | ===> btop++ v.1.3.2
2024/06/21 (15:35:20) | WARNING: No UTF-8 locale detected! Forcing start with --utf-force argument.

2024/06/21 (18:18:10) | ===> btop++ v.1.3.2
2024/06/21 (18:18:10) | WARNING: No UTF-8 locale detected! Forcing start with --utf-force argument.

2024/06/21 (18:18:16) | ===> btop++ v.1.3.2
2024/06/21 (18:18:16) | WARNING: No UTF-8 locale detected! Forcing start with --utf-force argument.

2024/06/21 (18:25:46) | ===> btop++ v.1.3.2
2024/06/21 (18:25:46) | WARNING: No UTF-8 locale detected! Forcing start with --utf-force argument.

2024/06/21 (18:26:08) | ===> btop++ v.1.3.2
2024/06/21 (18:26:08) | WARNING: No UTF-8 locale detected! Forcing start with --utf-force argument.

2024/06/21 (18:26:13) | ===> btop++ v.1.3.2
2024/06/21 (18:26:13) | WARNING: No UTF-8 locale detected! Forcing start with --utf-force argument.

2024/06/21 (18:26:42) | ===> btop++ v.1.3.2
2024/06/21 (18:26:42) | WARNING: No UTF-8 locale detected! Forcing start with --utf-force argument.

2024/06/21 (18:27:00) | ===> btop++ v.1.3.2
2024/06/21 (18:27:00) | WARNING: No UTF-8 locale detected! Forcing start with --utf-force argument.

2024/06/22 (08:07:01) | ===> btop++ v.1.3.2
2024/06/22 (08:07:01) | WARNING: No UTF-8 locale detected! Forcing start with --utf-force argument.

2024/06/26 (12:35:52) | ===> btop++ v.1.3.2
2024/06/26 (12:35:52) | WARNING: No UTF-8 locale detected! Forcing start with --utf-force argument.

2024/06/27 (18:05:12) | ===> btop++ v.1.3.2
2024/06/27 (18:05:12) | WARNING: No UTF-8 locale detected! Forcing start with --utf-force argument.

2024/06/27 (18:20:24) | ===> btop++ v.1.3.2
2024/06/27 (18:20:24) | WARNING: No UTF-8 locale detected! Forcing start with --utf-force argument.

2024/06/28 (16:00:24) | ===> btop++ v.1.3.2
2024/06/28 (16:00:24) | WARNING: No UTF-8 locale detected! Forcing start with --utf-force argument.

2024/06/28 (22:05:12) | ===> btop++ v.1.3.2
2024/06/28 (22:05:12) | WARNING: No UTF-8 locale detected! Forcing start with --utf-force argument.

2024/06/29 (01:32:45) | ===> btop++ v.1.3.2
2024/06/29 (01:32:45) | WARNING: No UTF-8 locale detected! Forcing start with --utf-force argument.

2024/06/30 (11:48:34) | ===> btop++ v.1.3.2
2024/06/30 (11:48:34) | WARNING: No UTF-8 locale detected! Forcing start with --utf-force argument.

2024/07/01 (21:46:01) | ===> btop++ v.1.3.2
2024/07/01 (21:46:01) | WARNING: No UTF-8 locale detected! Forcing start with --utf-force argument.

2024/07/01 (22:58:58) | ===> btop++ v.1.3.2
2024/07/01 (22:58:58) | WARNING: No UTF-8 locale detected! Forcing start with --utf-force argument.

2024/07/02 (18:56:49) | ===> btop++ v.1.3.2
2024/07/02 (18:56:49) | WARNING: No UTF-8 locale detected! Forcing start with --utf-force argument.

2024/07/02 (21:03:10) | ===> btop++ v.1.3.2
2024/07/02 (21:03:10) | WARNING: No UTF-8 locale detected! Forcing start with --utf-force argument.

2024/07/02 (21:03:15) | ===> btop++ v.1.3.2
2024/07/02 (21:03:15) | WARNING: No UTF-8 locale detected! Forcing start with --utf-force argument.

2024/07/02 (21:03:16) | ===> btop++ v.1.3.2
2024/07/02 (21:03:16) | WARNING: No UTF-8 locale detected! Forcing start with --utf-force argument.

2024/07/03 (00:33:19) | ===> btop++ v.1.3.2
2024/07/03 (00:33:19) | WARNING: No UTF-8 locale detected! Forcing start with --utf-force argument.

2024/07/05 (13:24:21) | ===> btop++ v.1.3.2
2024/07/05 (13:24:21) | WARNING: No UTF-8 locale detected! Forcing start with --utf-force argument.

2024/07/05 (15:39:30) | ===> btop++ v.1.3.2
2024/07/05 (15:39:30) | WARNING: No UTF-8 locale detected! Forcing start with --utf-force argument.

2024/07/08 (07:53:09) | ===> btop++ v.1.3.2
2024/07/08 (07:53:09) | WARNING: No UTF-8 locale detected! Forcing start with --utf-force argument.
2024/07/08 (08:00:52) | ERROR: Stall in Runner thread, restarting!

2024/07/08 (22:03:31) | ===> btop++ v.1.3.2
2024/07/08 (22:03:31) | WARNING: No UTF-8 locale detected! Forcing start with --utf-force argument.

2024/07/10 (11:16:45) | ===> btop++ v.1.3.2
2024/07/10 (11:16:45) | WARNING: No UTF-8 locale detected! Forcing start with --utf-force argument.

2024/07/11 (10:35:46) | ===> btop++ v.1.3.2
2024/07/11 (10:35:46) | WARNING: No UTF-8 locale detected! Forcing start with --utf-force argument.

2024/07/11 (10:43:05) | ===> btop++ v.1.3.2
2024/07/11 (10:43:05) | WARNING: No UTF-8 locale detected! Forcing start with --utf-force argument.

2024/07/12 (13:45:40) | ===> btop++ v.1.3.2
2024/07/12 (13:45:40) | WARNING: No UTF-8 locale detected! Forcing start with --utf-force argument.

2024/07/12 (13:46:39) | ===> btop++ v.1.3.2
2024/07/12 (13:46:39) | WARNING: No UTF-8 locale detected! Forcing start with --utf-force argument.

2024/07/13 (18:48:22) | ===> btop++ v.1.3.2
2024/07/13 (18:48:22) | WARNING: No UTF-8 locale detected! Forcing start with --utf-force argument.

2024/07/14 (03:00:02) | ===> btop++ v.1.3.2
2024/07/14 (03:00:02) | WARNING: No UTF-8 locale detected! Forcing start with --utf-force argument.

2024/07/15 (02:02:02) | ===> btop++ v.1.3.2
2024/07/15 (02:02:02) | WARNING: No UTF-8 locale detected! Forcing start with --utf-force argument.

2024/07/15 (11:16:34) | ===> btop++ v.1.3.2
2024/07/15 (11:16:34) | WARNING: No UTF-8 locale detected! Forcing start with --utf-force argument.

2024/07/15 (21:32:22) | ===> btop++ v.1.3.2
2024/07/15 (21:32:22) | WARNING: No UTF-8 locale detected! Forcing start with --utf-force argument.

2024/07/15 (22:33:55) | ===> btop++ v.1.3.2
2024/07/15 (22:33:55) | WARNING: No UTF-8 locale detected! Forcing start with --utf-force argument.

2024/07/16 (09:53:46) | ===> btop++ v.1.3.2
2024/07/16 (09:53:46) | WARNING: No UTF-8 locale detected! Forcing start with --utf-force argument.

2024/07/17 (10:57:38) | ===> btop++ v.1.3.2
2024/07/17 (10:57:38) | WARNING: No UTF-8 locale detected! Forcing start with --utf-force argument.

2024/07/17 (13:50:10) | ===> btop++ v.1.3.2
2024/07/17 (13:50:10) | WARNING: No UTF-8 locale detected! Forcing start with --utf-force argument.

2024/07/18 (19:58:44) | ===> btop++ v.1.3.2
2024/07/18 (19:58:44) | WARNING: No UTF-8 locale detected! Forcing start with --utf-force argument.

2024/07/18 (20:09:09) | ===> btop++ v.1.3.2
2024/07/18 (20:09:09) | WARNING: No UTF-8 locale detected! Forcing start with --utf-force argument.

2024/07/20 (17:14:24) | ===> btop++ v.1.3.2
2024/07/20 (17:14:24) | WARNING: No UTF-8 locale detected! Forcing start with --utf-force argument.

2024/07/23 (14:06:32) | ===> btop++ v.1.3.2
2024/07/23 (14:06:32) | WARNING: No UTF-8 locale detected! Forcing start with --utf-force argument.

2024/07/24 (11:27:33) | ===> btop++ v.1.3.2
2024/07/24 (11:27:33) | WARNING: No UTF-8 locale detected! Forcing start with --utf-force argument.

2024/07/24 (11:28:47) | ===> btop++ v.1.3.2
2024/07/24 (11:28:47) | WARNING: No UTF-8 locale detected! Forcing start with --utf-force argument.

2024/07/24 (18:50:56) | ===> btop++ v.1.3.2
2024/07/24 (18:50:56) | WARNING: No UTF-8 locale detected! Forcing start with --utf-force argument.

2024/07/24 (19:33:51) | ===> btop++ v.1.3.2
2024/07/24 (19:33:51) | WARNING: No UTF-8 locale detected! Forcing start with --utf-force argument.

2024/07/25 (07:44:23) | ===> btop++ v.1.3.2
2024/07/25 (07:44:23) | WARNING: No UTF-8 locale detected! Forcing start with --utf-force argument.

2024/07/26 (14:12:30) | ===> btop++ v.1.3.2
2024/07/26 (14:12:30) | WARNING: No UTF-8 locale detected! Forcing start with --utf-force argument.

2024/07/27 (18:17:53) | ===> btop++ v.1.3.2
2024/07/27 (18:17:53) | WARNING: No UTF-8 locale detected! Forcing start with --utf-force argument.

2024/07/29 (23:59:32) | ===> btop++ v.1.3.2
2024/07/29 (23:59:32) | WARNING: No UTF-8 locale detected! Forcing start with --utf-force argument.

2024/07/30 (08:21:48) | ===> btop++ v.1.3.2
2024/07/30 (08:21:48) | WARNING: No UTF-8 locale detected! Forcing start with --utf-force argument.

2024/07/30 (11:04:59) | ===> btop++ v.1.3.2
2024/07/30 (11:04:59) | WARNING: No UTF-8 locale detected! Forcing start with --utf-force argument.

2024/07/31 (21:06:17) | ===> btop++ v.1.3.2
2024/07/31 (21:06:17) | WARNING: No UTF-8 locale detected! Forcing start with --utf-force argument.

2024/08/20 (11:04:08) | ===> btop++ v.1.3.2
2024/08/20 (11:04:08) | WARNING: No UTF-8 locale detected! Forcing start with --utf-force argument.

2024/08/20 (11:04:14) | ===> btop++ v.1.3.2
2024/08/20 (11:04:14) | WARNING: No UTF-8 locale detected! Forcing start with --utf-force argument.

2024/08/20 (11:04:17) | ===> btop++ v.1.3.2
2024/08/20 (11:04:17) | WARNING: No UTF-8 locale detected! Forcing start with --utf-force argument.

2024/08/20 (11:04:18) | ===> btop++ v.1.3.2
2024/08/20 (11:04:18) | WARNING: No UTF-8 locale detected! Forcing start with --utf-force argument.

2024/08/20 (11:04:20) | ===> btop++ v.1.3.2
2024/08/20 (11:04:20) | WARNING: No UTF-8 locale detected! Forcing start with --utf-force argument.

2024/08/20 (11:05:35) | ===> btop++ v.1.3.2
2024/08/20 (11:05:35) | WARNING: No UTF-8 locale detected! Forcing start with --utf-force argument.

2024/08/20 (21:05:45) | ===> btop++ v.1.3.2
2024/08/20 (21:05:45) | WARNING: No UTF-8 locale detected! Forcing start with --utf-force argument.

2024/08/23 (15:56:20) | ===> btop++ v.1.3.2
2024/08/23 (15:56:20) | WARNING: No UTF-8 locale detected! Forcing start with --utf-force argument.

2024/08/27 (13:18:17) | ===> btop++ v.1.3.2
2024/08/27 (13:18:17) | WARNING: No UTF-8 locale detected! Forcing start with --utf-force argument.

2024/08/27 (22:14:54) | ===> btop++ v.1.3.2
2024/08/27 (22:14:54) | WARNING: No UTF-8 locale detected! Forcing start with --utf-force argument.

2024/08/28 (07:55:01) | ===> btop++ v.1.3.2
2024/08/28 (07:55:01) | WARNING: No UTF-8 locale detected! Forcing start with --utf-force argument.

2024/08/28 (11:30:11) | ===> btop++ v.1.3.2
2024/08/28 (11:30:11) | WARNING: No UTF-8 locale detected! Forcing start with --utf-force argument.

2024/08/28 (11:56:49) | ===> btop++ v.1.3.2
2024/08/28 (11:56:49) | WARNING: No UTF-8 locale detected! Forcing start with --utf-force argument.

2024/08/28 (21:10:23) | ===> btop++ v.1.3.2
2024/08/28 (21:10:23) | WARNING: No UTF-8 locale detected! Forcing start with --utf-force argument.

2024/08/29 (07:57:13) | ===> btop++ v.1.3.2
2024/08/29 (07:57:13) | WARNING: No UTF-8 locale detected! Forcing start with --utf-force argument.

2024/08/29 (22:39:10) | ===> btop++ v.1.3.2
2024/08/29 (22:39:10) | WARNING: No UTF-8 locale detected! Forcing start with --utf-force argument.

2024/08/29 (23:48:21) | ===> btop++ v.1.3.2
2024/08/29 (23:48:21) | WARNING: No UTF-8 locale detected! Forcing start with --utf-force argument.

2024/09/03 (10:39:31) | ===> btop++ v.1.3.2
2024/09/03 (10:39:31) | WARNING: No UTF-8 locale detected! Forcing start with --utf-force argument.

2024/09/03 (16:24:56) | ===> btop++ v.1.3.2
2024/09/03 (16:24:56) | WARNING: No UTF-8 locale detected! Forcing start with --utf-force argument.

2024/09/06 (14:53:19) | ===> btop++ v.1.3.2
2024/09/06 (14:53:19) | WARNING: No UTF-8 locale detected! Forcing start with --utf-force argument.

2024/09/06 (14:54:47) | ===> btop++ v.1.3.2
2024/09/06 (14:54:47) | WARNING: No UTF-8 locale detected! Forcing start with --utf-force argument.

2024/09/09 (13:59:46) | ===> btop++ v.1.3.2
2024/09/09 (13:59:46) | WARNING: No UTF-8 locale detected! Forcing start with --utf-force argument.

2024/09/09 (14:16:53) | ===> btop++ v.1.3.2
2024/09/09 (14:16:53) | WARNING: No UTF-8 locale detected! Forcing start with --utf-force argument.

2024/09/09 (14:16:57) | ===> btop++ v.1.3.2
2024/09/09 (14:16:57) | WARNING: No UTF-8 locale detected! Forcing start with --utf-force argument.

2024/09/09 (14:16:59) | ===> btop++ v.1.3.2
2024/09/09 (14:16:59) | WARNING: No UTF-8 locale detected! Forcing start with --utf-force argument.

2024/09/09 (14:17:00) | ===> btop++ v.1.3.2
2024/09/09 (14:17:00) | WARNING: No UTF-8 locale detected! Forcing start with --utf-force argument.

2024/09/09 (18:47:29) | ===> btop++ v.1.3.2
2024/09/09 (18:47:29) | WARNING: No UTF-8 locale detected! Forcing start with --utf-force argument.

2024/09/10 (02:39:18) | ===> btop++ v.1.3.2
2024/09/10 (02:39:18) | WARNING: No UTF-8 locale detected! Forcing start with --utf-force argument.

2024/09/10 (11:06:13) | ===> btop++ v.1.3.2
2024/09/10 (11:06:13) | WARNING: No UTF-8 locale detected! Forcing start with --utf-force argument.

2024/09/10 (15:13:08) | ===> btop++ v.1.3.2
2024/09/10 (15:13:08) | WARNING: No UTF-8 locale detected! Forcing start with --utf-force argument.

2024/09/11 (08:38:42) | ===> btop++ v.1.3.2
2024/09/11 (08:38:42) | WARNING: No UTF-8 locale detected! Forcing start with --utf-force argument.

2024/09/11 (08:38:49) | ===> btop++ v.1.3.2
2024/09/11 (08:38:49) | WARNING: No UTF-8 locale detected! Forcing start with --utf-force argument.

2024/09/11 (08:39:07) | ===> btop++ v.1.3.2
2024/09/11 (08:39:07) | WARNING: No UTF-8 locale detected! Forcing start with --utf-force argument.

2024/09/11 (08:39:09) | ===> btop++ v.1.3.2
2024/09/11 (08:39:09) | WARNING: No UTF-8 locale detected! Forcing start with --utf-force argument.

2024/09/11 (08:39:10) | ===> btop++ v.1.3.2
2024/09/11 (08:39:10) | WARNING: No UTF-8 locale detected! Forcing start with --utf-force argument.

2024/09/11 (08:39:11) | ===> btop++ v.1.3.2
2024/09/11 (08:39:11) | WARNING: No UTF-8 locale detected! Forcing start with --utf-force argument.

2024/09/11 (08:39:12) | ===> btop++ v.1.3.2
2024/09/11 (08:39:12) | WARNING: No UTF-8 locale detected! Forcing start with --utf-force argument.

2024/09/11 (08:39:14) | ===> btop++ v.1.3.2
2024/09/11 (08:39:14) | WARNING: No UTF-8 locale detected! Forcing start with --utf-force argument.

2024/09/11 (08:39:15) | ===> btop++ v.1.3.2
2024/09/11 (08:39:15) | WARNING: No UTF-8 locale detected! Forcing start with --utf-force argument.

2024/09/11 (19:02:09) | ===> btop++ v.1.3.2
2024/09/11 (19:02:09) | WARNING: No UTF-8 locale detected! Forcing start with --utf-force argument.

2024/09/13 (20:39:57) | ===> btop++ v.1.3.2
2024/09/13 (20:39:57) | WARNING: No UTF-8 locale detected! Forcing start with --utf-force argument.

2024/09/14 (19:03:48) | ===> btop++ v.1.3.2
2024/09/14 (19:03:48) | WARNING: No UTF-8 locale detected! Forcing start with --utf-force argument.

2024/09/14 (19:07:25) | ===> btop++ v.1.3.2
2024/09/14 (19:07:25) | WARNING: No UTF-8 locale detected! Forcing start with --utf-force argument.

2024/09/14 (19:15:55) | ===> btop++ v.1.3.2
2024/09/14 (19:15:55) | WARNING: No UTF-8 locale detected! Forcing start with --utf-force argument.

2024/09/14 (19:23:13) | ===> btop++ v.1.3.2
2024/09/14 (19:23:13) | WARNING: No UTF-8 locale detected! Forcing start with --utf-force argument.

2024/09/15 (00:46:10) | ===> btop++ v.1.3.2
2024/09/15 (00:46:10) | WARNING: No UTF-8 locale detected! Forcing start with --utf-force argument.

2024/09/15 (01:39:36) | ===> btop++ v.1.3.2
2024/09/15 (01:39:36) | WARNING: No UTF-8 locale detected! Forcing start with --utf-force argument.

2024/09/15 (02:13:05) | ===> btop++ v.1.3.2
2024/09/15 (02:13:05) | WARNING: No UTF-8 locale detected! Forcing start with --utf-force argument.

2024/09/15 (02:13:09) | ===> btop++ v.1.3.2
2024/09/15 (02:13:09) | WARNING: No UTF-8 locale detected! Forcing start with --utf-force argument.

2024/09/15 (20:53:05) | ===> btop++ v.1.3.2
2024/09/15 (20:53:05) | WARNING: No UTF-8 locale detected! Forcing start with --utf-force argument.

2024/09/18 (21:39:59) | ===> btop++ v.1.3.2
2024/09/18 (21:39:59) | WARNING: No UTF-8 locale detected! Forcing start with --utf-force argument.

2024/09/18 (21:40:22) | ===> btop++ v.1.3.2
2024/09/18 (21:40:22) | WARNING: No UTF-8 locale detected! Forcing start with --utf-force argument.

2024/09/18 (23:01:26) | ===> btop++ v.1.3.2
2024/09/18 (23:01:26) | WARNING: No UTF-8 locale detected! Forcing start with --utf-force argument.

2024/09/19 (11:31:02) | ===> btop++ v.1.3.2
2024/09/19 (11:31:02) | WARNING: No UTF-8 locale detected! Forcing start with --utf-force argument.

2024/09/21 (17:03:17) | ===> btop++ v.1.3.2
2024/09/21 (17:03:17) | WARNING: No UTF-8 locale detected! Forcing start with --utf-force argument.

2024/09/23 (14:10:47) | ===> btop++ v.1.4.0
2024/09/23 (14:10:47) | WARNING: No UTF-8 locale detected! Forcing start with --utf-force argument.

2024/09/25 (21:59:39) | ===> btop++ v.1.4.0
2024/09/25 (21:59:39) | WARNING: No UTF-8 locale detected! Forcing start with --utf-force argument.

2024/09/27 (20:30:49) | ===> btop++ v.1.4.0
2024/09/27 (20:30:49) | WARNING: No UTF-8 locale detected! Forcing start with --utf-force argument.

2024/09/30 (13:33:45) | ===> btop++ v.1.4.0
2024/09/30 (13:33:45) | WARNING: No UTF-8 locale detected! Forcing start with --utf-force argument.

2024/10/01 (11:43:15) | ===> btop++ v.1.4.0
2024/10/01 (11:43:15) | WARNING: No UTF-8 locale detected! Forcing start with --utf-force argument.

2024/10/02 (20:46:44) | ===> btop++ v.1.4.0
2024/10/02 (20:46:44) | WARNING: No UTF-8 locale detected! Forcing start with --utf-force argument.

2024/10/03 (18:45:22) | ===> btop++ v.1.4.0
2024/10/03 (18:45:22) | WARNING: No UTF-8 locale detected! Forcing start with --utf-force argument.

2024/10/03 (18:52:55) | ===> btop++ v.1.4.0
2024/10/03 (18:52:55) | WARNING: No UTF-8 locale detected! Forcing start with --utf-force argument.

2024/10/04 (13:48:43) | ===> btop++ v.1.4.0
2024/10/04 (13:48:43) | WARNING: No UTF-8 locale detected! Forcing start with --utf-force argument.

2024/10/04 (17:31:22) | ===> btop++ v.1.4.0
2024/10/04 (17:31:22) | WARNING: No UTF-8 locale detected! Forcing start with --utf-force argument.

2024/10/05 (12:19:14) | ===> btop++ v.1.4.0
2024/10/05 (12:19:14) | WARNING: No UTF-8 locale detected! Forcing start with --utf-force argument.

2024/10/06 (00:48:15) | ===> btop++ v.1.4.0
2024/10/06 (00:48:15) | WARNING: No UTF-8 locale detected! Forcing start with --utf-force argument.

2024/10/06 (01:28:46) | ===> btop++ v.1.4.0
2024/10/06 (01:28:46) | WARNING: No UTF-8 locale detected! Forcing start with --utf-force argument.

2024/10/08 (15:44:47) | ===> btop++ v.1.4.0
2024/10/08 (15:44:47) | WARNING: No UTF-8 locale detected! Forcing start with --utf-force argument.

2024/10/11 (01:05:12) | ===> btop++ v.1.4.0
2024/10/11 (01:05:12) | WARNING: No UTF-8 locale detected! Forcing start with --utf-force argument.

2024/10/12 (22:57:28) | ===> btop++ v.1.4.0
2024/10/12 (22:57:28) | WARNING: No UTF-8 locale detected! Forcing start with --utf-force argument.

2024/10/14 (20:02:05) | ===> btop++ v.1.4.0
2024/10/14 (20:02:05) | WARNING: No UTF-8 locale detected! Forcing start with --utf-force argument.

2024/10/15 (11:40:38) | ===> btop++ v.1.4.0
2024/10/15 (11:40:38) | WARNING: No UTF-8 locale detected! Forcing start with --utf-force argument.

2024/10/17 (20:58:00) | ===> btop++ v.1.4.0
2024/10/17 (20:58:00) | WARNING: No UTF-8 locale detected! Forcing start with --utf-force argument.

2024/10/18 (11:00:43) | ===> btop++ v.1.4.0
2024/10/18 (11:00:43) | WARNING: No UTF-8 locale detected! Forcing start with --utf-force argument.

2024/10/18 (20:01:06) | ===> btop++ v.1.4.0
2024/10/18 (20:01:06) | WARNING: No UTF-8 locale detected! Forcing start with --utf-force argument.

2024/10/19 (08:54:01) | ===> btop++ v.1.4.0
2024/10/19 (08:54:01) | WARNING: No UTF-8 locale detected! Forcing start with --utf-force argument.

2024/10/22 (20:22:46) | ===> btop++ v.1.4.0
2024/10/22 (20:22:46) | WARNING: No UTF-8 locale detected! Forcing start with --utf-force argument.

2024/10/24 (08:01:52) | ===> btop++ v.1.4.0
2024/10/24 (08:01:52) | WARNING: No UTF-8 locale detected! Forcing start with --utf-force argument.

2024/10/24 (08:02:03) | ===> btop++ v.1.4.0
2024/10/24 (08:02:03) | WARNING: No UTF-8 locale detected! Forcing start with --utf-force argument.

2024/10/24 (09:09:49) | ===> btop++ v.1.4.0
2024/10/24 (09:09:49) | WARNING: No UTF-8 locale detected! Forcing start with --utf-force argument.

2024/10/24 (10:00:03) | ===> btop++ v.1.4.0
2024/10/24 (10:00:03) | WARNING: No UTF-8 locale detected! Forcing start with --utf-force argument.

2024/10/24 (10:00:34) | ===> btop++ v.1.4.0
2024/10/24 (10:00:34) | WARNING: No UTF-8 locale detected! Forcing start with --utf-force argument.

2024/10/24 (10:00:36) | ===> btop++ v.1.4.0
2024/10/24 (10:00:36) | WARNING: No UTF-8 locale detected! Forcing start with --utf-force argument.

2024/10/25 (13:41:41) | ===> btop++ v.1.4.0
2024/10/25 (13:41:41) | WARNING: No UTF-8 locale detected! Forcing start with --utf-force argument.

2024/10/25 (17:59:19) | ===> btop++ v.1.4.0
2024/10/25 (17:59:19) | WARNING: No UTF-8 locale detected! Forcing start with --utf-force argument.

2024/10/26 (09:18:05) | ===> btop++ v.1.4.0
2024/10/26 (09:18:05) | WARNING: No UTF-8 locale detected! Forcing start with --utf-force argument.

2024/10/26 (18:25:49) | ===> btop++ v.1.4.0
2024/10/26 (18:25:49) | WARNING: No UTF-8 locale detected! Forcing start with --utf-force argument.

2024/10/26 (18:40:04) | ===> btop++ v.1.4.0
2024/10/26 (18:40:04) | WARNING: No UTF-8 locale detected! Forcing start with --utf-force argument.

2024/10/26 (19:21:59) | ===> btop++ v.1.4.0
2024/10/26 (19:21:59) | WARNING: No UTF-8 locale detected! Forcing start with --utf-force argument.

2024/10/26 (19:38:28) | ===> btop++ v.1.4.0
2024/10/26 (19:38:28) | WARNING: No UTF-8 locale detected! Forcing start with --utf-force argument.

2024/10/27 (13:23:15) | ===> btop++ v.1.4.0
2024/10/27 (13:23:15) | WARNING: No UTF-8 locale detected! Forcing start with --utf-force argument.

2024/10/27 (13:48:29) | ===> btop++ v.1.4.0
2024/10/27 (13:48:29) | WARNING: No UTF-8 locale detected! Forcing start with --utf-force argument.

2024/10/27 (13:59:45) | ===> btop++ v.1.4.0
2024/10/27 (13:59:45) | WARNING: No UTF-8 locale detected! Forcing start with --utf-force argument.

2024/10/27 (14:04:52) | ===> btop++ v.1.4.0
2024/10/27 (14:04:52) | WARNING: No UTF-8 locale detected! Forcing start with --utf-force argument.

2024/10/27 (14:15:26) | ===> btop++ v.1.4.0
2024/10/27 (14:15:26) | WARNING: No UTF-8 locale detected! Forcing start with --utf-force argument.
2024/10/27 (14:30:30) | ERROR: Stall in Runner thread, restarting!
2024/10/27 (14:32:31) | ERROR: Stall in Runner thread, restarting!
2024/10/27 (14:34:36) | WARNING: Failed to join _runner thread on exit!

2024/10/27 (14:34:38) | ===> btop++ v.1.4.0
2024/10/27 (14:34:38) | WARNING: No UTF-8 locale detected! Forcing start with --utf-force argument.

2024/10/27 (14:35:27) | ===> btop++ v.1.4.0
2024/10/27 (14:35:27) | WARNING: No UTF-8 locale detected! Forcing start with --utf-force argument.

2024/10/27 (14:38:04) | ===> btop++ v.1.4.0
2024/10/27 (14:38:04) | WARNING: No UTF-8 locale detected! Forcing start with --utf-force argument.

2024/10/27 (14:38:21) | ===> btop++ v.1.4.0
2024/10/27 (14:38:21) | WARNING: No UTF-8 locale detected! Forcing start with --utf-force argument.

2024/10/27 (14:38:52) | ===> btop++ v.1.4.0
2024/10/27 (14:38:52) | WARNING: No UTF-8 locale detected! Forcing start with --utf-force argument.

2024/10/27 (14:59:01) | ===> btop++ v.1.4.0
2024/10/27 (14:59:01) | WARNING: No UTF-8 locale detected! Forcing start with --utf-force argument.

2024/10/27 (14:59:21) | ===> btop++ v.1.4.0
2024/10/27 (14:59:21) | WARNING: No UTF-8 locale detected! Forcing start with --utf-force argument.

2024/10/27 (17:25:32) | ===> btop++ v.1.4.0
2024/10/27 (17:25:32) | WARNING: No UTF-8 locale detected! Forcing start with --utf-force argument.

2024/10/27 (18:00:27) | ===> btop++ v.1.4.0
2024/10/27 (18:00:27) | WARNING: No UTF-8 locale detected! Forcing start with --utf-force argument.

2024/10/28 (08:27:00) | ===> btop++ v.1.4.0
2024/10/28 (08:27:00) | WARNING: No UTF-8 locale detected! Forcing start with --utf-force argument.

2024/10/28 (14:41:04) | ===> btop++ v.1.4.0
2024/10/28 (14:41:04) | WARNING: No UTF-8 locale detected! Forcing start with --utf-force argument.

2024/10/28 (20:07:07) | ===> btop++ v.1.4.0
2024/10/28 (20:07:07) | WARNING: No UTF-8 locale detected! Forcing start with --utf-force argument.

2024/11/04 (07:15:06) | ===> btop++ v.1.4.0
2024/11/04 (07:15:06) | WARNING: No UTF-8 locale detected! Forcing start with --utf-force argument.

2024/11/05 (10:39:09) | ===> btop++ v.1.4.0
2024/11/05 (10:39:09) | WARNING: No UTF-8 locale detected! Forcing start with --utf-force argument.

2024/11/05 (17:07:04) | ===> btop++ v.1.4.0
2024/11/05 (17:07:04) | WARNING: No UTF-8 locale detected! Forcing start with --utf-force argument.

2024/11/08 (08:53:46) | ===> btop++ v.1.4.0
2024/11/08 (08:53:46) | WARNING: No UTF-8 locale detected! Forcing start with --utf-force argument.

2024/11/10 (12:37:25) | ===> btop++ v.1.4.0
2024/11/10 (12:37:25) | WARNING: No UTF-8 locale detected! Forcing start with --utf-force argument.

2024/11/10 (19:49:45) | ===> btop++ v.1.4.0
2024/11/10 (19:49:45) | WARNING: No UTF-8 locale detected! Forcing start with --utf-force argument.

2024/11/11 (09:09:40) | ===> btop++ v.1.4.0
2024/11/11 (09:09:40) | WARNING: No UTF-8 locale detected! Forcing start with --utf-force argument.

2024/11/13 (01:22:51) | ===> btop++ v.1.4.0
2024/11/13 (01:22:51) | WARNING: No UTF-8 locale detected! Forcing start with --utf-force argument.

2024/11/13 (01:26:11) | ===> btop++ v.1.4.0
2024/11/13 (01:26:11) | WARNING: No UTF-8 locale detected! Forcing start with --utf-force argument.

2024/11/13 (01:26:51) | ===> btop++ v.1.4.0
2024/11/13 (01:26:51) | WARNING: No UTF-8 locale detected! Forcing start with --utf-force argument.

2024/11/14 (19:07:53) | ===> btop++ v.1.4.0
2024/11/14 (19:07:53) | WARNING: No UTF-8 locale detected! Forcing start with --utf-force argument.

2024/11/14 (20:15:39) | ===> btop++ v.1.4.0
2024/11/14 (20:15:39) | WARNING: No UTF-8 locale detected! Forcing start with --utf-force argument.

2024/11/15 (08:10:52) | ===> btop++ v.1.4.0
2024/11/15 (08:10:52) | WARNING: No UTF-8 locale detected! Forcing start with --utf-force argument.

2024/11/15 (16:38:51) | ===> btop++ v.1.4.0
2024/11/15 (16:38:51) | WARNING: No UTF-8 locale detected! Forcing start with --utf-force argument.

2024/11/15 (23:58:49) | ===> btop++ v.1.4.0
2024/11/15 (23:58:49) | WARNING: No UTF-8 locale detected! Forcing start with --utf-force argument.

2024/11/15 (23:58:56) | ===> btop++ v.1.4.0
2024/11/15 (23:58:56) | WARNING: No UTF-8 locale detected! Forcing start with --utf-force argument.

2024/11/16 (12:46:01) | ===> btop++ v.1.4.0
2024/11/16 (12:46:01) | WARNING: No UTF-8 locale detected! Forcing start with --utf-force argument.

2024/11/18 (22:23:52) | ===> btop++ v.1.4.0
2024/11/18 (22:23:52) | WARNING: No UTF-8 locale detected! Forcing start with --utf-force argument.

2024/11/20 (14:20:02) | ===> btop++ v.1.4.0
2024/11/20 (14:20:02) | WARNING: No UTF-8 locale detected! Forcing start with --utf-force argument.

2024/11/21 (21:17:42) | ===> btop++ v.1.4.0
2024/11/21 (21:17:42) | WARNING: No UTF-8 locale detected! Forcing start with --utf-force argument.

2024/11/23 (17:55:08) | ===> btop++ v.1.4.0
2024/11/23 (17:55:08) | WARNING: No UTF-8 locale detected! Forcing start with --utf-force argument.

2024/11/23 (17:55:20) | ===> btop++ v.1.4.0
2024/11/23 (17:55:20) | WARNING: No UTF-8 locale detected! Forcing start with --utf-force argument.

2024/11/23 (17:56:27) | ===> btop++ v.1.4.0
2024/11/23 (17:56:27) | WARNING: No UTF-8 locale detected! Forcing start with --utf-force argument.

2024/11/23 (17:57:02) | ===> btop++ v.1.4.0
2024/11/23 (17:57:02) | WARNING: No UTF-8 locale detected! Forcing start with --utf-force argument.

2024/11/23 (17:57:42) | ===> btop++ v.1.4.0
2024/11/23 (17:57:42) | WARNING: No UTF-8 locale detected! Forcing start with --utf-force argument.

2024/11/23 (17:59:19) | ===> btop++ v.1.4.0
2024/11/23 (17:59:19) | WARNING: No UTF-8 locale detected! Forcing start with --utf-force argument.

2024/11/23 (17:59:50) | ===> btop++ v.1.4.0
2024/11/23 (17:59:50) | WARNING: No UTF-8 locale detected! Forcing start with --utf-force argument.

2024/11/23 (18:31:27) | ===> btop++ v.1.4.0
2024/11/23 (18:31:27) | WARNING: No UTF-8 locale detected! Forcing start with --utf-force argument.

2024/11/23 (18:53:17) | ===> btop++ v.1.4.0
2024/11/23 (18:53:17) | WARNING: No UTF-8 locale detected! Forcing start with --utf-force argument.

2024/11/28 (09:07:14) | ===> btop++ v.1.4.0
2024/11/28 (09:07:14) | WARNING: No UTF-8 locale detected! Forcing start with --utf-force argument.

2024/11/29 (15:57:41) | ===> btop++ v.1.4.0
2024/11/29 (15:57:41) | WARNING: No UTF-8 locale detected! Forcing start with --utf-force argument.

2024/11/29 (15:57:43) | ===> btop++ v.1.4.0
2024/11/29 (15:57:43) | WARNING: No UTF-8 locale detected! Forcing start with --utf-force argument.

2024/11/30 (21:40:00) | ===> btop++ v.1.4.0
2024/11/30 (21:40:00) | WARNING: No UTF-8 locale detected! Forcing start with --utf-force argument.

2024/12/03 (18:48:11) | ===> btop++ v.1.4.0
2024/12/03 (18:48:11) | WARNING: No UTF-8 locale detected! Forcing start with --utf-force argument.

2024/12/03 (18:57:58) | ===> btop++ v.1.4.0
2024/12/03 (18:57:58) | WARNING: No UTF-8 locale detected! Forcing start with --utf-force argument.

2024/12/05 (12:00:19) | ===> btop++ v.1.4.0
2024/12/05 (12:00:19) | WARNING: No UTF-8 locale detected! Forcing start with --utf-force argument.

2024/12/07 (08:00:19) | ===> btop++ v.1.4.0
2024/12/07 (08:00:19) | WARNING: No UTF-8 locale detected! Forcing start with --utf-force argument.

2024/12/07 (08:00:19) | ===> btop++ v.1.4.0
2024/12/07 (08:00:19) | WARNING: No UTF-8 locale detected! Forcing start with --utf-force argument.

2024/12/09 (11:27:18) | ===> btop++ v.1.4.0
2024/12/09 (11:27:18) | WARNING: No UTF-8 locale detected! Forcing start with --utf-force argument.

2024/12/10 (06:47:35) | ===> btop++ v.1.4.0
2024/12/10 (06:47:35) | WARNING: No UTF-8 locale detected! Forcing start with --utf-force argument.

2024/12/13 (17:14:56) | ===> btop++ v.1.4.0
2024/12/13 (17:14:56) | WARNING: No UTF-8 locale detected! Forcing start with --utf-force argument.

2024/12/15 (14:40:51) | ===> btop++ v.1.4.0
2024/12/15 (14:40:51) | WARNING: No UTF-8 locale detected! Forcing start with --utf-force argument.

2024/12/16 (09:15:43) | ===> btop++ v.1.4.0
2024/12/16 (09:15:43) | WARNING: No UTF-8 locale detected! Forcing start with --utf-force argument.

2024/12/16 (09:30:02) | ===> btop++ v.1.4.0
2024/12/16 (09:30:02) | WARNING: No UTF-8 locale detected! Forcing start with --utf-force argument.

2024/12/16 (12:09:04) | ===> btop++ v.1.4.0
2024/12/16 (12:09:04) | WARNING: No UTF-8 locale detected! Forcing start with --utf-force argument.

2024/12/17 (07:30:47) | ===> btop++ v.1.4.0
2024/12/17 (07:30:47) | WARNING: No UTF-8 locale detected! Forcing start with --utf-force argument.

2024/12/19 (09:10:46) | ===> btop++ v.1.4.0
2024/12/19 (09:10:46) | WARNING: No UTF-8 locale detected! Forcing start with --utf-force argument.

2024/12/21 (06:30:49) | ===> btop++ v.1.4.0
2024/12/21 (06:30:49) | WARNING: No UTF-8 locale detected! Forcing start with --utf-force argument.

2024/12/23 (20:49:59) | ===> btop++ v.1.4.0
2024/12/23 (20:49:59) | WARNING: No UTF-8 locale detected! Forcing start with --utf-force argument.

2024/12/23 (21:32:57) | ===> btop++ v.1.4.0
2024/12/23 (21:32:57) | WARNING: No UTF-8 locale detected! Forcing start with --utf-force argument.

2024/12/27 (09:37:01) | ===> btop++ v.1.4.0
2024/12/27 (09:37:01) | WARNING: No UTF-8 locale detected! Forcing start with --utf-force argument.

2024/12/30 (07:56:28) | ===> btop++ v.1.4.0
2024/12/30 (07:56:28) | WARNING: No UTF-8 locale detected! Forcing start with --utf-force argument.

2024/12/30 (07:56:49) | ===> btop++ v.1.4.0
2024/12/30 (07:56:49) | WARNING: No UTF-8 locale detected! Forcing start with --utf-force argument.

2024/12/31 (09:14:58) | ===> btop++ v.1.4.0
2024/12/31 (09:14:58) | WARNING: No UTF-8 locale detected! Forcing start with --utf-force argument.

2024/12/31 (09:15:10) | ===> btop++ v.1.4.0
2024/12/31 (09:15:10) | WARNING: No UTF-8 locale detected! Forcing start with --utf-force argument.
