221
/home/mvgs/Music/Venpani-Malare-Male.mp3
/home/mvgs/Music/Kaadal Endral (From  Goa ) - Yuvan Shankar Raja.m4a
/home/mvgs/Music/Yedho-Ondru.mp3
/home/mvgs/Music/Evanda-Enakku-Custody-MassTamilan.fm.mp3
/home/mvgs/Music/Kanave Kanave - Anirudh Ravichander.m4a
/home/mvgs/Music/Enna-Solla-Pogirai.mp3
/home/mvgs/Music/Engeyum-Kaadhal.mp3
/home/mvgs/Music/Venmathiye - Tippu.m4a
/home/mvgs/Music/Uyire-Uyire.mp3
/home/mvgs/Music/Kanna Veesi - Siddhu Kumar, rahul, Srinisha Jayaseelan, Vignesh Ramakrishna, Punith.m4a
/home/mvgs/Music/Agayam-Theepiditha.mp3
/home/mvgs/Music/Ennai Vittu - Yuvan Shankar Raja, Sid Sriram.m4a
/home/mvgs/Music/Unakkul-Naane-Muluvathum-MassTamilan.dev.mp3
/home/mvgs/Music/Oh-Oh-Uyire-Uyirin.mp3
/home/mvgs/Music/Aala-Aala-MassTamilan.com.mp3
/home/mvgs/Music/Parandhu Sella Vaa - A.R. Rahman, Karthik, Shashaa Tirupati.m4a
/home/mvgs/Music/Darshana-MassTamilan.fm.mp3
/home/mvgs/Music/Rich-Rich-MassTamilan.fm.mp3
/home/mvgs/Music/Pachai-Vanna.mp3
/home/mvgs/Music/Sagiyae - Stephen Zechariah.m4a
/home/mvgs/Music/Oh Penne - Anirudh Ravichander, Vishal Dadlani.m4a
/home/mvgs/Music/Life-of-Pazham-MassTamilan.dev.mp3
/home/mvgs/Music/Senjitaley.mp3
/home/mvgs/Music/Engeyo-Partha.mp3
/home/mvgs/Music/Kadal-Raasa-Naan.mp3
/home/mvgs/Music/W.T.P. - Eminem.m4a
/home/mvgs/Music/Aval - Santhosh Narayanan, Pradeep, Priya Hemesh.m4a
/home/mvgs/Music/Nenjukkule.mp3
/home/mvgs/Music/Oru Kili Oru Kili - Satish Chakravarthy, Shreya Ghoshal.m4a
/home/mvgs/Music/Urimai-MassTamilan.org.mp3
/home/mvgs/Music/Anbil-Avan.mp3
/home/mvgs/Music/Marandhaye-MassTamilan.io.mp3
/home/mvgs/Music/Usurae-Poguthey.mp3
/home/mvgs/Music/Adi Penne - Stephen Zechariah, Srinisha Jayaseelan.m4a
/home/mvgs/Music/Naan Nee - Santhosh Narayanan, Shakthisree Gopalan, Dhee.m4a
/home/mvgs/Music/Klesa-Kadhala-MassTamilan.dev.mp3
/home/mvgs/Music/Kadhalikum-Pennin-MassTamilan.dev.mp3
/home/mvgs/Music/Yaayum - Shabir Sulthan, Naresh Iyer, Rita Thyagarajan.m4a
/home/mvgs/Music/Yela Yelo - Bharath Sankar, Arivu.m4a
/home/mvgs/Music/Yaarum-Illa-MassTamilan.dev.mp3
/home/mvgs/Music/Lolita.mp3
/home/mvgs/Music/Neethane.mp3
/home/mvgs/Music/Sandalee-MassTamilan.com.mp3
/home/mvgs/Music/Iragai-Pole.mp3
/home/mvgs/Music/Uyire-Un-Uyirena.mp3
/home/mvgs/Music/Naan-Nee.mp3
/home/mvgs/Music/Kannalane-Enadhu.mp3
/home/mvgs/Music/Thenmozhi-MassTamilan.dev.mp3
/home/mvgs/Music/Vaa En Uyire - Stephen Zechariah, Srinisha Jayaseelan.m4a
/home/mvgs/Music/Nenjai-Kasaki.mp3
/home/mvgs/Music/Nizhal-Tharum-Idham-MassTamilan.fm.mp3
/home/mvgs/Music/Nila-Nee-Vaanam-MassTamilan.fm.mp3
/home/mvgs/Music/PERIYONEY EN RAHMAANEY - Jithin Raj.m4a
/home/mvgs/Music/Vilambara-Idaiveli-MassTamilan.com.mp3
/home/mvgs/Music/Nenjame-Nenjame-MassTamilan.dev.mp3
/home/mvgs/Music/Anbe-Anbe.mp3
/home/mvgs/Music/Life-of-Pazham-MassTamilan.dev.mp3
/home/mvgs/Music/Kannale Kollathe - Havoc Mathan, Havoc Naven.m4a
/home/mvgs/Music/Siru-Siru-Uravugal.mp3
/home/mvgs/Music/Marudhaani-Marudhaani.mp3
/home/mvgs/Music/Vaadi-Nee-Vaadi-MassTamilan.com.mp3
/home/mvgs/Music/Koodamela-Koodavechi.mp3
/home/mvgs/Music/Yaaro-Yaaro.mp3
/home/mvgs/Music/Oru-Naalil---It-All-Comes-Down-To-this!.mp3
/home/mvgs/Music/Kaatrukullae.mp3
/home/mvgs/Music/Kanave-Kanave-MassTamilan.com.mp3
/home/mvgs/Music/Poi-Vazhva.mp3
/home/mvgs/Music/Nira-MassTamilan.dev.mp3
/home/mvgs/Music/Kadaloram (From  Kungumapoovum Konjumpuraavum ) - Yuvan Shankar Raja.m4a
/home/mvgs/Music/Ey-Inga-Paaru.mp3
/home/mvgs/Music/Railin-Oligal-MassTamilan.dev.mp3
/home/mvgs/Music/Kurunchiragu-MassTamilan.dev.mp3
/home/mvgs/Music/Hey-Sita-Hey-Rama-MassTamilan.dev.mp3
/home/mvgs/Music/Kaatrilae-MassTamilan.io.mp3
/home/mvgs/Music/Kan-Peasum-Varthaigal.mp3
/home/mvgs/Music/Mai Potta Kannala - EJ Brothers, Dheeran U.m4a
/home/mvgs/Music/Arabu Naadu - Haricharan, Yuvan Shankar Raja.m4a
/home/mvgs/Music/Azhage - Hiphop Tamizha.m4a
/home/mvgs/Music/Unne-Nenachaen-MassTamilan.fm.mp3
/home/mvgs/Music/Venmegam-Pennaga.mp3
/home/mvgs/Music/Eminem - Superman.m4a
/home/mvgs/Music/Quit-Pannuda-MassTamilan.io.mp3
/home/mvgs/Music/Kadhal-Kappal.mp3
/home/mvgs/Music/Oru Devathai (From  Vaamanan ) - Yuvan Shankar Raja, Roop Kumar Rathod.m4a
/home/mvgs/Music/Netru-Aval-Irundhal.mp3
/home/mvgs/Music/Amma-Amma.mp3
/home/mvgs/Music/Yelo-Pullelo-MassTamilan.io.mp3
/home/mvgs/Music/Kaadal Endral (From  Goa ) - Yuvan Shankar Raja.m4a
/home/mvgs/Music/Ennai-Kollathey-MassTamilan.fm.mp3
/home/mvgs/Music/Armadham - Sushin Shyam, Pranavam Sasi, Vinayak Sasikumar.m4a
/home/mvgs/Music/Megham-Karukatha-MassTamilan.dev.mp3
/home/mvgs/Music/Kannai-Vittu.mp3
/home/mvgs/Music/Konjam-I.mp3
/home/mvgs/Music/Thaai-Kelavi-MassTamilan.dev.mp3
/home/mvgs/Music/Kanimozhiye.mp3
/home/mvgs/Music/Manmadhane-Nee.mp3
/home/mvgs/Music/Vaan - A.R. Rahman, Shashaa Tirupati.m4a
/home/mvgs/Music/One-Love-One-Life-MassTamilan.fm.mp3
/home/mvgs/Music/Paravaye-Engu-Irukirai-MassTamilan.com.mp3
/home/mvgs/Music/No Love - Eminem, Lil Wayne.m4a
/home/mvgs/Music/Poi-Vaada.mp3
/home/mvgs/Music/Mayakkama-Kalakkama-MassTamilan.dev.mp3
/home/mvgs/Music/Rettai-Kathirae.mp3
/home/mvgs/Music/Oru-Naalaikkul.mp3
/home/mvgs/Music/Pona-Pogattum-MassTamilan.io.mp3
/home/mvgs/Music/Thaai-Kelavi-MassTamilan.dev.mp3
/home/mvgs/Music/Vaa Vasuki - D. Imman, Shivam Mahadevan.m4a
/home/mvgs/Music/Neeyum-Naanum.mp3
/home/mvgs/Music/Imaye Imaye - G. V. Prakash, Shakthisree Gopalan.m4a
/home/mvgs/Music/Aazhi-Soozhndha-MassTamilan.org.mp3
/home/mvgs/Music/Kannoram-MassTamilan.dev.mp3
/home/mvgs/Music/Nenjame-MassTamilan.fm.mp3
/home/mvgs/Music/Kannukkulle-MassTamilan.dev.mp3
/home/mvgs/Music/Kadhal Oru Aagayam - Hiphop Tamizha, Teejay, Al Rufian.m4a
/home/mvgs/Music/Saachitale-MassTamilan.dev.mp3
/home/mvgs/Music/Oh-Shanthi-Shanthi-MassTamilan.com.mp3
/home/mvgs/Music/Enna Naan Seiven - From  Meyaadha Maan  - Pradeep Kumar, Kalyani Nair.m4a
/home/mvgs/Music/Neeyum-Naanum-Anbe-MassTamilan.com.mp3
/home/mvgs/Music/Kadhal-Valarthen.mp3
/home/mvgs/Music/Adiyae Azhagae - From  Oru Naal Koothu  - Justin Prabhakaran.m4a
/home/mvgs/Music/Piriyadhey-MassTamilan.dev.mp3
/home/mvgs/Music/Won't Back Down - Eminem, P!nk.m4a
/home/mvgs/Music/Idhu-Dhaan-MassTamilan.org.mp3
/home/mvgs/Music/Idhu-Varai.mp3
/home/mvgs/Music/Kutty-Pattas-MassTamilan.fm.mp3
/home/mvgs/Music/Kaattu-Sirukki.mp3
/home/mvgs/Music/Udhungada-Sangu.mp3
/home/mvgs/Music/Raasa-Kannu-MassTamilan.dev.mp3
/home/mvgs/Music/Kaalathukkum-Nee-Venum-MassTamilan.dev.mp3
/home/mvgs/Music/Theruvorom-MassTamilan.fm.mp3
/home/mvgs/Music/Mannipaaya.mp3
/home/mvgs/Music/Aala-Aala-MassTamilan.com.mp3
/home/mvgs/Music/En-Nenjil.mp3
/home/mvgs/Music/Vaanam(1).mp3
/home/mvgs/Music/25 To Life - Eminem.m4a
/home/mvgs/Music/Nee Paartha Vizhigal X Oru Kili Oru Kili - Binu Shiva, Vijay Yesudas, Shweta Mohan, Shreya Ghoshal, Satish Chakravarthy.m4a
/home/mvgs/Music/Othayilae.mp3
/home/mvgs/Music/Sol Pechu (From  Thillalangadi ) - Yuvan Shankar Raja, K. S. Chithra, Shreya Ghoshal.m4a
/home/mvgs/Music/Ennadi Maayavi Nee - Sid Sriram.m4a
/home/mvgs/Music/Otha Sollaala - G. V. Prakash, Velmurugan.m4a
/home/mvgs/Music/Poo Mudhal Pen Varai (From  Theeratha Vilaiyattu Pillai ) - Yuvan Shankar Raja.m4a
/home/mvgs/Music/Nee-Kavithaigala.mp3
/home/mvgs/Music/Munnal-Kadhali.mp3
/home/mvgs/Music/Anbe-Anbe.mp3
/home/mvgs/Music/Nenjukkule - A.R. Rahman, Shakthisree Gopalan.m4a
/home/mvgs/Music/Aasa Kooda - From  Think Indie  - Sai Abhyankkar, Sai Smriti.m4a
/home/mvgs/Music/Uyire-Uyire-MassTamilan.so.mp3
/home/mvgs/Music/Kadaloram (From  Kungumapoovum Konjumpuraavum ) - Yuvan Shankar Raja.m4a
/home/mvgs/Music/Amma-Amma.mp3
/home/mvgs/Music/Yaarodu Yaaro (From  Yogi ) - Yuvan Shankar Raja, Sultan Khan.m4a
/home/mvgs/Music/Kurumugil-MassTamilan.dev.mp3
/home/mvgs/Music/Idhazhin-Oram.mp3
/home/mvgs/Music/Water Packet (From  Raayan ) - A.R. Rahman, Shweta Mohan, Gana Kadhar, Santhosh Narayanan.m4a
/home/mvgs/Music/Unnaale-Unnaale.mp3
/home/mvgs/Music/Katchi Sera - From  Think Indie  - Sai Abhyankkar.m4a
/home/mvgs/Music/Enna-Nadanthalum-MassTamilan.com.mp3
/home/mvgs/Music/Rendu-Raaja-MassTamilan.dev.mp3
/home/mvgs/Music/Idhu-Porkkalama.mp3
/home/mvgs/Music/Ellamey-Konja-Kaalam-MassTamilan.io.mp3
/home/mvgs/Music/Bodhai-Kaname-MassTamilan.fm.mp3
/home/mvgs/Music/Kadhal-Kanave-MassTamilan.com.mp3
/home/mvgs/Music/Thaabangale-MassTamilan.com.mp3
/home/mvgs/Music/Annul-Maelae-MassTamilan.com.mp3
/home/mvgs/Music/Hey-Mama.mp3
/home/mvgs/Music/Snehidhane.mp3
/home/mvgs/Music/Talkin’ 2 Myself - Eminem, Kobe.m4a
/home/mvgs/Music/Megham-Karukatha-MassTamilan.dev.mp3
/home/mvgs/Music/Maya-Nadhi.mp3
/home/mvgs/Music/Eppo-Nee.mp3
/home/mvgs/Music/Ennadi-Maayavi-Nee-MassTamilan.com.mp3
/home/mvgs/Music/Abinaya-MassTamilan.fm.mp3
/home/mvgs/Music/Malai Mangum Neram - Ranina Reddy.m4a
/home/mvgs/Music/Ennavale-Adi-Ennavale-MassTamilan.dev.mp3
/home/mvgs/Music/Mudhal-Nee-Mudivum-Nee-Title-Track-MassTamilan.io.mp3
/home/mvgs/Music/Karuppu-Vellai-MassTamilan.com.mp3
/home/mvgs/Music/Smiling-With-The-Pain-Theme.mp3
/home/mvgs/Music/Kathali - Havoc Mathan, Havoc Naven.m4a
/home/mvgs/Music/Poo Mudhal Pen Varai (From  Theeratha Vilaiyattu Pillai ) - Yuvan Shankar Raja.m4a
/home/mvgs/Music/Kurumugil-MassTamilan.dev.mp3
/home/mvgs/Music/Nee-Singam-Dhan-MassTamilan.dev.mp3
/home/mvgs/Music/Konja Naal - Hariharan.m4a
/home/mvgs/Music/Azhage-Bhramanidam.mp3
/home/mvgs/Music/Neenga-Mudiyuma-MassTamilan.io.mp3
/home/mvgs/Music/Cold Wind Blows - Eminem.m4a
/home/mvgs/Music/Vaa-Vaathi-MassTamilan.dev.mp3
/home/mvgs/Music/Pirai-Thedum.mp3
/home/mvgs/Music/Yedho Ondru Ennai (From  Paiya ) - Yuvan Shankar Raja.m4a
/home/mvgs/Music/Lazy-Song-MassTamilan.fm.mp3
/home/mvgs/Music/Dhimu-Dhimu.mp3
/home/mvgs/Music/Kaadhal-Yen-Kaadhal.mp3
/home/mvgs/Music/Kaadhal-Yen-Kaadhal.mp3
/home/mvgs/Music/Paathagathi-Kannupattu.mp3
/home/mvgs/Music/Voda-Voda-Voda.mp3
/home/mvgs/Music/Marakkavillayae-MassTamilan.org.mp3
/home/mvgs/Music/Eminem - Mockingbird .m4a
/home/mvgs/Music/Seduction - Eminem.m4a
/home/mvgs/Music/Ninaivirukka-MassTamilan.dev.mp3
/home/mvgs/Music/Devathayai-Kanden.mp3
/home/mvgs/Music/Rasaali - A.R. Rahman, Sathyaprakash, Shashaa Tirupati.m4a
/home/mvgs/Music/Adada-Adada-MassTamilan.so.mp3
/home/mvgs/Music/Enthaaraa Enthaaraa - From  Thirumanam Ennum Nikkah  - Shadab Faridi, Chinmayi.m4a
/home/mvgs/Music/Thooriga - From  Navarasa  - Karthik.m4a
/home/mvgs/Music/Kaathellam - Pradeep Kumar.m4a
/home/mvgs/Music/Munbe Vaa - A.R. Rahman, Shreya Ghoshal, Naresh Iyer.m4a
/home/mvgs/Music/Kadhal-Vaithu.mp3
/home/mvgs/Music/Hey-Sita-Hey-Rama-MassTamilan.dev.mp3
/home/mvgs/Music/Aedho-Saigirai.mp3
/home/mvgs/Music/Not Afraid - Eminem.m4a
/home/mvgs/Music/Veesum-Kaathodathan.mp3
/home/mvgs/Music/Pudhidhaai-MassTamilan.io.mp3
/home/mvgs/Music/Vinmeen-Vithaiyil.mp3
/home/mvgs/Music/Nesamaguren-MassTamilan.fm.mp3
/home/mvgs/Music/Kanave-Nee-Naan-MassTamilan.io.mp3
/home/mvgs/Music/Nenjinile (From  Uyire ) - S. Janaki.m4a
/home/mvgs/Music/Yaanji-MassTamilan.com.mp3
/home/mvgs/Music/Kannana-Kanne.mp3
/home/mvgs/Music/Kadhal-Konden.mp3
/home/mvgs/Music/Friendship-Anthem-MassTamilan.io.mp3
/home/mvgs/Music/En-Rojaa-Neeye-MassTamilan.dev.mp3
/home/mvgs/Music/Po-Indru-Neeyaga.mp3
/home/mvgs/Music/Vaanam.mp3
/home/mvgs/Music/Indru-Netru-Naalai.mp3
/home/mvgs/Music/Siragugal.mp3
/home/mvgs/Music/Yaar-Ezhudhiyadho.mp3
/home/mvgs/Music/Idayam Idam Mariyathe - A.R. Rahman, K. S. Chithra, Karthik.m4a
/home/mvgs/Music/Oh Sita Hey Rama (From  Sita Ramam (Telugu) ) - Vishal Chandrashekhar, S.P. Charan, Ramya Behara.m4a
/home/mvgs/Music/Usure-MassTamilan.org.mp3
/home/mvgs/Music/Voda-Voda-Voda.mp3
/home/mvgs/Music/Oh-Azhage-MassTamilan.fm.mp3
/home/mvgs/Music/Endha-Pakkam.mp3
/home/mvgs/Music/Parandhu Pogindren (From  Kuthiraivaal ) - Pradeep Kumar.m4a
/home/mvgs/Music/Megham-Karukatha-MassTamilan.dev.mp3
/home/mvgs/Music/Thaai-Kelavi-MassTamilan.dev.mp3
/home/mvgs/Music/Vaa-Veera-MassTamilan.dev.mp3
/home/mvgs/Music/Star in the Making (From  Star ) - Yuvan Shankar Raja.m4a
/home/mvgs/Music/Sathiyama-MassTamilan.fm.mp3
/home/mvgs/Music/So-Baby-MassTamilan.fm.mp3
/home/mvgs/Music/Kaalamellam Kadhal - Deva, P. Unnikrishnan, K. S. Chithra.m4a
/home/mvgs/Music/Onakka-Munthiri-MassTamilan.fm.mp3
/home/mvgs/Music/Muthu's-Journey-MassTamilan.dev.mp3
/home/mvgs/Music/Mundhinam-Parthene-MassTamilan.com.mp3
/home/mvgs/Music/Yaayum-MassTamilan.com.mp3
/home/mvgs/Music/Vaa Senthaazhini - From  Adiyae  - Justin Prabhakaran, Sid Sriram, Bagavathy P K.m4a
/home/mvgs/Music/Varayaatha-Oviyam-MassTamilan.fm.mp3
/home/mvgs/Music/Life-of-Pazham-MassTamilan.dev.mp3
/home/mvgs/Music/Kurunchiragu-MassTamilan.dev.mp3
/home/mvgs/Music/Usure - From  Sivappu Manjal Pachai  - Siddhu Kumar, Sudharshan Ashok, Jothi Pushpa.m4a
/home/mvgs/Music/Enna-Solla.mp3
/home/mvgs/Music/STAR-Vintage Love Video _ Kavin _ Elan _ Yuvan Shankar Raja _ Lal,Aaditi Pohankar,Preity Mukhundhan.m4a
/home/mvgs/Music/Kannan-Varum-Velai.mp3
/home/mvgs/Music/Mallipoo-MassTamilan.dev.mp3
/home/mvgs/Music/Nenjukkul-Peidhidum-MassTamilan.com.mp3
/home/mvgs/Music/Mayakkam-Enna.mp3
/home/mvgs/Music/Kangal-Irandal.mp3
/home/mvgs/Music/Neela-Vaanam-MassTamilan.com.mp3
/home/mvgs/Music/Jodi-Nilave.mp3
/home/mvgs/Music/Enna Naan Seiven - Pradeep Kumar, Kalyani Nair.m4a
/home/mvgs/Music/Loosu-Penne-MassTamilan.org.mp3
/home/mvgs/Music/Kadhale-Kadhale.mp3
/home/mvgs/Music/Venom - Music From The Motion Picture - Eminem.m4a
/home/mvgs/Music/Kaadhal Rojave (From  Roja ) - S. P. Balasubrahmanyam, Sujatha.m4a
/home/mvgs/Music/Yaarumey-Venam-MassTamilan.io.mp3
/home/mvgs/Music/Un-Vizhigalil.mp3
/home/mvgs/Music/Nenjukulla Nee - Vijay Prakash Diwakar Ajesh.m4a
/home/mvgs/Music/Kannamma-MassTamilan.io.mp3
/home/mvgs/Music/The_Life_Of_Ram-MassTamilan.com.mp3
/home/mvgs/Music/En-Kadhal-Solla.mp3
/home/mvgs/Music/Kadhale Kadhale - Hiphop Tamizha, Shankar Mahadevan, Padmalatha.m4a
/home/mvgs/Music/Kannazhaga.mp3
/home/mvgs/Music/Little-Little-MassTamilan.fm.mp3
/home/mvgs/Music/Kaatrodu-Pattam-Pola-MassTamilan.dev.mp3
/home/mvgs/Music/Moongil-Thottam.mp3
/home/mvgs/Music/Yennai-Maatrum-Kadhale.mp3
/home/mvgs/Music/Yaelae-Yealae-Dhosthu-Da.mp3
/home/mvgs/Music/Ennai-Vittu-MassTamilan.dev.mp3
/home/mvgs/Music/Innum-Konjam-Neram.mp3
/home/mvgs/Music/Nanbiye-MassTamilan.io.mp3
/home/mvgs/Music/Pogattum-Pogattum-Po-MassTamilan.io.mp3
/home/mvgs/Music/Mayakkam-Enna.mp3
/home/mvgs/Music/En Kadhal Solla (From  Paiya ) - Yuvan Shankar Raja, Tanvi Shah.m4a
/home/mvgs/Music/Without Me - Eminem.m4a
/home/mvgs/Music/Sakkarai-Nilave.mp3
/home/mvgs/Music/Nilaave Vaa - S. P. Balasubrahmanyam.m4a
/home/mvgs/Music/Naan-Gaali-MassTamilan.dev.mp3
/home/mvgs/Music/Sollamal-Thottu-Chellum-Thendral.mp3
/home/mvgs/Music/Thalli Pogathey - A.R. Rahman, Sid Sriram, Aaryan Dinesh Kanagaratnam.m4a
/home/mvgs/Music/Kaalangal-Thaandi-MassTamilan.dev.mp3
/home/mvgs/Music/Jodi Nilave - The Pain of Tamizh - Anirudh Ravichander, Dhanush, Shweta Mohan.m4a
/home/mvgs/Music/Sudasuda Thooral (From  Kedi Billa Killadi Ranga ) - Yuvan Shankar Raja.m4a
/home/mvgs/Music/Mannavane - Harris Jayaraj, Shakthisree Gopalan, Gopal Rao.m4a
/home/mvgs/Music/Yaar-Azhaippadhu-MassTamilan.fm.mp3
/home/mvgs/Music/Thaensudare - From  Lover  - Sean Roldan, Shakthisree Gopalan, Mohan Rajan.m4a
/home/mvgs/Music/Ey-Inga-Paaru.mp3
/home/mvgs/Music/Lose Yourself - Eminem.m4a
/home/mvgs/Music/Nee-Illai-Enral.mp3
/home/mvgs/Music/What-a-Karavaad.mp3
/home/mvgs/Music/Vinmeen - Nivas K Prasanna, Abhay Jodhpurkar, Saindhavi.m4a
/home/mvgs/Music/Agam-Thaanai-MassTamilan.io.mp3
/home/mvgs/Music/Maalai-Mangum-Neram.mp3
/home/mvgs/Music/Vaa-Vaa-Penne-MassTamilan.org.mp3
/home/mvgs/Music/Naan-Sonnadhum-Mazhai-Vandhucha.mp3
/home/mvgs/Music/Poda-Poda.mp3
/home/mvgs/Music/Adangaatha Asuran (From  Raayan ) - A.R. Rahman, Dhanush.m4a
/home/mvgs/Music/Kaalangal-Thaandi-MassTamilan.dev.mp3
/home/mvgs/Music/Poo Avizhum Pozhudhil - From  Enakkul Oruvan  - Santhosh Narayanan, Pradeep Kumar.m4a
/home/mvgs/Music/Idhayam-Love-(Megamo-Aval)-MassTamilan.com.mp3
/home/mvgs/Music/Mayakkama-Kalakkama-MassTamilan.dev.mp3
/home/mvgs/Music/Thaakkuthe Kan Thaakkuthe (From  Baana ) - Yuvan Shankar Raja.m4a
/home/mvgs/Music/Sudasuda Thooral (From  Kedi Billa Killadi Ranga ) - Yuvan Shankar Raja.m4a
/home/mvgs/Music/Oh-Shala.mp3
/home/mvgs/Music/Mockingbird - Eminem.m4a
/home/mvgs/Music/Enakku-Mattum-MassTamilan.fm.mp3
/home/mvgs/Music/His-Name-is-John-MassTamilan.dev.mp3
/home/mvgs/Music/Superman - Eminem, Dina Rae.m4a
/home/mvgs/Music/Enakkaaga-Poranthaayae.mp3
/home/mvgs/Music/Raati-(Madras-Gig)-MassTamilan.fm.mp3
/home/mvgs/Music/Oh-Manapenne-MassTamilan.fm.mp3
/home/mvgs/Music/Paathagathi Kannupattu (From  Kazhugoo ) - Yuvan Shankar Raja.m4a
/home/mvgs/Music/Nee Kavithaigala - From  Maragatha Naanayam  - Dhibu Ninan Thomas, Pradeep Kumar.m4a
/home/mvgs/Music/Kaadal-Endral.mp3
/home/mvgs/Music/Pagal-Iravai-MassTamilan.fm.mp3
/home/mvgs/Music/Nallai Allai - A.R. Rahman, Sathyaprakash, Chinmayi.m4a
/home/mvgs/Music/Ava-Enna-Enna-MassTamilan.com.mp3
/home/mvgs/Music/Kaathalae_Kaathalae-MassTamilan.com.mp3
/home/mvgs/Music/Ippadi-Mazhai-Aditthal.mp3
/home/mvgs/Music/Thottu-Thottu.mp3
/home/mvgs/Music/Idhu Varai - Yuvan Shankar Raja, Ajesh, Andrea Jeremiah.m4a
/home/mvgs/Music/Maragatha-Maalai-MassTamilan.dev.mp3
/home/mvgs/Music/Konji-Pesida-Venaam.mp3
/home/mvgs/Music/You’re Never Over - Eminem.m4a
/home/mvgs/Music/Chellamma-MassTamilan.fm.mp3
/home/mvgs/Music/Po-Indru-Neeyaga.mp3
/home/mvgs/Music/Going Through Changes - Eminem.m4a
/home/mvgs/Music/On Fire - Eminem.m4a
/home/mvgs/Music/Nee-Partha.mp3
/home/mvgs/Music/Vaanam-Paarthen.mp3
/home/mvgs/Music/Smiling-With-The-Pain-Theme.mp3
/home/mvgs/Music/Yaen Ennai Pirindhaai - Male - Sid Sriram, Dhruv Vikram, Banita Sandhu.m4a
/home/mvgs/Music/Pogiren - Mugen Rao, Prashan Sean.m4a
/home/mvgs/Music/Seramal Ponal - Vivek - Mervin, Mervin Solomon, Sameera Bharadwaj.m4a
/home/mvgs/Music/Yaarumilla - A.R. Rahman, Shweta Mohan, Srinivas.m4a
/home/mvgs/Music/Para-Para-Pattaampoochi-MassTamilan.com.mp3
/home/mvgs/Music/Raati - Madras Gig - Santhosh Dhayanidhi, Bamba Bakya.m4a
/home/mvgs/Music/Sol Pechu (From  Thillalangadi ) - Yuvan Shankar Raja, K. S. Chithra, Shreya Ghoshal.m4a
/home/mvgs/Music/Ava Enna - Harris Jayaraj, Karthik, VV Prassanna.m4a
/home/mvgs/Music/Neeyae.mp3
/home/mvgs/Music/Thooriga-MassTamilan.fm.mp3
/home/mvgs/Music/Kadhalan - Havoc Mathan, Havoc Naven.m4a
/home/mvgs/Music/Eminem - The Real Slim Shady (Official Video - Clean Version).m4a
/home/mvgs/Music/Poo-Nee-Poo.mp3
/home/mvgs/Music/Imaye-Imaye.mp3
/home/mvgs/Music/Yaarodu Yaaro (From  Yogi ) - Yuvan Shankar Raja, Sultan Khan.m4a
/home/mvgs/Music/Kurumugil - Vishal Chandrashekhar, Sai Vignesh.m4a
/home/mvgs/Music/Paniththuli-MassTamilan.dev.mp3
/home/mvgs/Music/Thappellam-Thappe-I.mp3
/home/mvgs/Music/Andha-Kanna-Paathaakaa-MassTamilan.io.mp3
/home/mvgs/Music/Love The Way You Lie - Eminem, Rihanna.m4a
/home/mvgs/Music/En Kadhal Solla (From  Paiya ) - Yuvan Shankar Raja, Tanvi Shah.m4a
/home/mvgs/Music/Sotta Sotta - Srinivas.m4a
/home/mvgs/Music/Nalla-Nanban-MassTamilan.fm.mp3
/home/mvgs/Music/Usuru-Narambula.mp3
/home/mvgs/Music/Thenmozhi-MassTamilan.dev.mp3
/home/mvgs/Music/Inneram-Indha-Neram-MassTamilan.so.mp3
/home/mvgs/Music/Soul-of-Doctor-(Theme)-MassTamilan.fm.mp3
/home/mvgs/Music/Yean-Ennai-Pirindhaai-MassTamilan.org.mp3
/home/mvgs/Music/Kaathalae Kaathalae - Version 1 - Govind Vasantha, Chinmayi.m4a
/home/mvgs/Music/Vannarapettayila-MassTamilan.dev.mp3
/home/mvgs/Music/Aval-Ulaghazhagi.mp3
/home/mvgs/Music/Maya-Visai.mp3
/home/mvgs/Music/Yaaro-Ivan.mp3
/home/mvgs/Music/Alaipayuthey-Kanna.mp3
/home/mvgs/Music/New-York-Nagaram.mp3
/home/mvgs/Music/Oru-Devadhai.mp3
/home/mvgs/Music/Abinaya-MassTamilan.fm.mp3
/home/mvgs/Music/Iravaga-Nee.mp3
/home/mvgs/Music/Para-Para-Sad.mp3
/home/mvgs/Music/Azhakooril - S. P. Balasubrahmanyam, Sujatha, Vairamuthu.m4a
/home/mvgs/Music/Kaadhal Rojave (From  Roja ) - A.R. Rahman, S. P. Balasubrahmanyam, Sujatha.m4a
/home/mvgs/Music/Illuminati - Sushin Shyam, Dabzee, Vinayak Sasikumar.m4a
/home/mvgs/Music/Till I Collapse - Eminem, Nate Dogg.m4a
/home/mvgs/Music/Innum Konjam Naeram - A.R. Rahman, Vijay Prakash, Shweta Mohan.m4a
/home/mvgs/Music/Meesaya-Murukku-MassTamilan.com.mp3
/home/mvgs/Music/Udhungada-Sangu.mp3
/home/mvgs/Music/Aradhya-MassTamilan.dev.mp3
/home/mvgs/Music/Alli-Pookal-MassTamilan.fm.mp3
/home/mvgs/Music/June-Pona.mp3
/home/mvgs/Music/Neeyae - Vivek - Mervin, Arijit Singh, Mervin Solomon.m4a
/home/mvgs/Music/Let Me Love You - DJ Snake, Justin Bieber.m4a
/home/mvgs/Music/Paarthen.mp3
/home/mvgs/Music/Pirai-Thedum.mp3
/home/mvgs/Music/Pirai Thedum - Saindhavi, G. V. Prakash.m4a
/home/mvgs/Music/Kaattumalli - Ilaiyaraaja, Ananya Bhat.m4a
/home/mvgs/Music/Ninaithu-Ninaithu-Parthal.mp3
/home/mvgs/Music/Theethiriyaai-MassTamilan.dev.mp3
/home/mvgs/Music/Oh Raaya - A.R. Rahman, Ganavya Doraiswamy, Dhanush.m4a
/home/mvgs/Music/Sivantha Kangal - Chanderan, Barath Veeraraghavan.m4a
/home/mvgs/Music/Pogathey-MassTamilan.dev.mp3
/home/mvgs/Music/Vinnaithaandi-Varuvaaya.mp3
/home/mvgs/Music/Yethi-Yethi-MassTamilan.com.mp3
/home/mvgs/Music/Irava-Pagala.mp3
/home/mvgs/Music/Kannukkulle - Vishal Chandrashekhar, Haricharan, Sinduri Vishal.m4a
/home/mvgs/Music/Kangal-Neeyae.mp3
/home/mvgs/Music/En-Rant-Ah-Konjam-Kelu-(feat.-Pranav-Muniraj-&-Judah)-MassTamilan.dev.mp3
/home/mvgs/Music/Kadhaippoma-MassTamilan.io.mp3
/home/mvgs/Music/Sirikkadhey.mp3
/home/mvgs/Music/Paathagathi Kannupattu (From  Kazhugoo ) - Yuvan Shankar Raja.m4a
/home/mvgs/Music/Ethir-Neechal.mp3
/home/mvgs/Music/Munbe-Vaa-En-Vaa.mp3
/home/mvgs/Music/Marappadhilai-Nenje-(Additional-Song)-MassTamilan.io.mp3
/home/mvgs/Music/Kannai Vittu (From  Iru Mugan  ) - Harris Jayaraj, Tippu, Pravin Saivi, Srimathumitha.m4a
/home/mvgs/Music/Naan-Sonnadhum-Mazhai-Vandhucha.mp3
/home/mvgs/Music/Othaiyila.mp3
/home/mvgs/Music/Veera-Soora-MassTamilan.dev.mp3
/home/mvgs/Music/Alaipayuthey-Kanna.mp3
/home/mvgs/Music/Thangame.mp3
/home/mvgs/Music/Agasatha.mp3
/home/mvgs/Music/Naan-Naan-MassTamilan.fm.mp3
/home/mvgs/Music/Journey-MassTamilan.fm.mp3
/home/mvgs/Music/Pinju-Pinju-Mazhai-MassTamilan.dev.mp3
/home/mvgs/Music/Kannukkulle-MassTamilan.dev.mp3
/home/mvgs/Music/Yedho Ondru Ennai (From  Paiya ) - Yuvan Shankar Raja.m4a
/home/mvgs/Music/Salomiya - Deva.m4a
/home/mvgs/Music/Sakiye Sakiye - Hariharan, Harini, Vairamuthu.m4a
/home/mvgs/Music/Kadhal-Mattum-Purivathillai.mp3
/home/mvgs/Music/Yedhedho-Pennae.mp3
/home/mvgs/Music/Vilagathey - Stephen Zechariah, Rakshita Suresh.m4a
/home/mvgs/Music/Mannipaaya - A.R. Rahman, Shreya Ghoshal.m4a
/home/mvgs/Music/Piriyadha-Enna-MassTamilan.io.mp3
/home/mvgs/Music/Azhage (feat. Thenuja) - Nishan K, Thenuja.m4a
/home/mvgs/Music/Yendhan-Kan-Munne-MassTamilan.fm.mp3
/home/mvgs/Music/What-a-Karavaad.mp3
/home/mvgs/Music/Aedho-Saigirai.mp3
/home/mvgs/Music/Pogathey-Pogathe.mp3
/home/mvgs/Music/Kodi-Aruvi-MassTamilan.org.mp3
/home/mvgs/Music/En-Iniya-Thanimaye-MassTamilan.io.mp3
/home/mvgs/Music/Hey-Sandakkara.mp3
/home/mvgs/Music/Aval.mp3
/home/mvgs/Music/Piriyadhey-MassTamilan.dev.mp3
/home/mvgs/Music/Marappadhilai Nenje - Additional Song - Leon James, Sudharshan Ashok.m4a
/home/mvgs/Music/Po-Urave-MassTamilan.com.mp3
/home/mvgs/Music/Mayakkama-Kalakkama-MassTamilan.dev.mp3
/home/mvgs/Music/Devan-Magale.mp3
/home/mvgs/Music/Yaarumillaa-MassTamilan.org.mp3
/home/mvgs/Music/Naam-Vazhndhidum.mp3
/home/mvgs/Music/Kadhal-Oru-Aagayam-MassTamilan.com.mp3
/home/mvgs/Music/Thenmozhi-MassTamilan.dev.mp3
/home/mvgs/Music/Thaakkuthe Kan Thaakkuthe (From  Baana ) - Yuvan Shankar Raja.m4a
/home/mvgs/Music/Mun-Sellada.mp3
/home/mvgs/Music/Hey-Sita-Hey-Rama-MassTamilan.dev.mp3
/home/mvgs/Music/Kaalangal-Thaandi-MassTamilan.dev.mp3
/home/mvgs/Music/Kannukkulle-MassTamilan.dev.mp3
/home/mvgs/Music/Kurumugil-MassTamilan.dev.mp3
/home/mvgs/Music/Kurunchiragu-MassTamilan.dev.mp3
/home/mvgs/Music/Piriyadhey-MassTamilan.dev.mp3
/home/mvgs/Music/En Kadhal Solla (From  Paiya ) - Yuvan Shankar Raja, Tanvi Shah.m4a
/home/mvgs/Music/Kaadal Endral (From  Goa ) - Yuvan Shankar Raja.m4a
/home/mvgs/Music/Kadaloram (From  Kungumapoovum Konjumpuraavum ) - Yuvan Shankar Raja.m4a
/home/mvgs/Music/Paathagathi Kannupattu (From  Kazhugoo ) - Yuvan Shankar Raja.m4a
/home/mvgs/Music/Poo Mudhal Pen Varai (From  Theeratha Vilaiyattu Pillai ) - Yuvan Shankar Raja.m4a
/home/mvgs/Music/Sol Pechu (From  Thillalangadi ) - Yuvan Shankar Raja, K. S. Chithra, Shreya Ghoshal.m4a
/home/mvgs/Music/Sudasuda Thooral (From  Kedi Billa Killadi Ranga ) - Yuvan Shankar Raja.m4a
/home/mvgs/Music/Thaakkuthe Kan Thaakkuthe (From  Baana ) - Yuvan Shankar Raja.m4a
/home/mvgs/Music/Yaarodu Yaaro (From  Yogi ) - Yuvan Shankar Raja, Sultan Khan.m4a
/home/mvgs/Music/Yedho Ondru Ennai (From  Paiya ) - Yuvan Shankar Raja.m4a
